--------------------------------------------------------------------------------
Release 14.7 Trace  (nt64)
Copyright (c) 1995-2013 Xilinx, Inc.  All rights reserved.

D:\xilinx\14.7\ISE_DS\ISE\bin\nt64\unwrapped\trce.exe -intstyle ise -v 3 -s 2
-n 3 -fastpaths -xml uart_byte_rx.twx uart_byte_rx.ncd -o uart_byte_rx.twr
uart_byte_rx.pcf

Design file:              uart_byte_rx.ncd
Physical constraint file: uart_byte_rx.pcf
Device,package,speed:     xc6slx16,csg324,C,-2 (PRODUCTION 1.23 2013-10-13)
Report level:             verbose report

Environment Variable      Effect 
--------------------      ------ 
NONE                      No environment variables were set
--------------------------------------------------------------------------------

INFO:Timing:2698 - No timing constraints found, doing default enumeration.
INFO:Timing:3412 - To improve timing, see the Timing Closure User Guide (UG612).
INFO:Timing:2752 - To get complete path coverage, use the unconstrained paths 
   option. All paths that are not constrained will be reported in the 
   unconstrained paths section(s) of the report.
INFO:Timing:3339 - The clock-to-out numbers in this timing report are based on 
   a 50 Ohm transmission line loading model.  For the details of this model, 
   and for more information on accounting for different loading conditions, 
   please see the device datasheet.



Data Sheet report:
-----------------
All values displayed in nanoseconds (ns)

Setup/Hold to clock clk
------------+------------+------------+------------+------------+------------------+--------+
            |Max Setup to|  Process   |Max Hold to |  Process   |                  | Clock  |
Source      | clk (edge) |   Corner   | clk (edge) |   Corner   |Internal Clock(s) | Phase  |
------------+------------+------------+------------+------------+------------------+--------+
baud_set<0> |    1.995(R)|      SLOW  |   -0.205(R)|      SLOW  |clk_BUFGP         |   0.000|
baud_set<1> |    1.502(R)|      SLOW  |   -0.264(R)|      SLOW  |clk_BUFGP         |   0.000|
baud_set<2> |    1.557(R)|      SLOW  |   -0.124(R)|      SLOW  |clk_BUFGP         |   0.000|
rs232_rx    |    0.823(R)|      SLOW  |    0.206(R)|      SLOW  |clk_BUFGP         |   0.000|
rst_n       |    2.822(R)|      SLOW  |   -0.273(R)|      SLOW  |clk_BUFGP         |   0.000|
------------+------------+------------+------------+------------+------------------+--------+

Clock clk to Pad
------------+-----------------+------------+-----------------+------------+------------------+--------+
            |Max (slowest) clk|  Process   |Min (fastest) clk|  Process   |                  | Clock  |
Destination |  (edge) to PAD  |   Corner   |  (edge) to PAD  |   Corner   |Internal Clock(s) | Phase  |
------------+-----------------+------------+-----------------+------------+------------------+--------+
data_byte<0>|         8.519(R)|      SLOW  |         3.426(R)|      FAST  |clk_BUFGP         |   0.000|
data_byte<1>|         8.925(R)|      SLOW  |         3.650(R)|      FAST  |clk_BUFGP         |   0.000|
data_byte<2>|         8.824(R)|      SLOW  |         3.624(R)|      FAST  |clk_BUFGP         |   0.000|
data_byte<3>|         8.488(R)|      SLOW  |         3.395(R)|      FAST  |clk_BUFGP         |   0.000|
data_byte<4>|         8.743(R)|      SLOW  |         3.510(R)|      FAST  |clk_BUFGP         |   0.000|
data_byte<5>|         8.606(R)|      SLOW  |         3.470(R)|      FAST  |clk_BUFGP         |   0.000|
data_byte<6>|         8.818(R)|      SLOW  |         3.585(R)|      FAST  |clk_BUFGP         |   0.000|
data_byte<7>|         8.606(R)|      SLOW  |         3.470(R)|      FAST  |clk_BUFGP         |   0.000|
rx_done     |         8.811(R)|      SLOW  |         3.566(R)|      FAST  |clk_BUFGP         |   0.000|
------------+-----------------+------------+-----------------+------------+------------------+--------+

Clock to Setup on destination clock clk
---------------+---------+---------+---------+---------+
               | Src:Rise| Src:Fall| Src:Rise| Src:Fall|
Source Clock   |Dest:Rise|Dest:Rise|Dest:Fall|Dest:Fall|
---------------+---------+---------+---------+---------+
clk            |    5.284|         |         |         |
---------------+---------+---------+---------+---------+


Analysis completed Fri Oct 15 15:04:03 2021 
--------------------------------------------------------------------------------

Trace Settings:
-------------------------
Trace Settings 

Peak Memory Usage: 4574 MB



