Release 14.7 - xst P.20131013 (nt64)
Copyright (c) 1995-2013 Xilinx, Inc.  All rights reserved.
--> Parameter TMPDIR set to xst/projnav.tmp


Total REAL time to Xst completion: 0.00 secs
Total CPU time to Xst completion: 0.15 secs
 
--> Parameter xsthdpdir set to xst


Total REAL time to Xst completion: 0.00 secs
Total CPU time to Xst completion: 0.15 secs
 
--> Reading design: uart_tx.prj

TABLE OF CONTENTS
  1) Synthesis Options Summary
  2) HDL Parsing
  3) HDL Elaboration
  4) HDL Synthesis
       4.1) HDL Synthesis Report
  5) Advanced HDL Synthesis
       5.1) Advanced HDL Synthesis Report
  6) Low Level Synthesis
  7) Partition Report
  8) Design Summary
       8.1) Primitive and Black Box Usage
       8.2) Device utilization summary
       8.3) Partition Resource Summary
       8.4) Timing Report
            8.4.1) Clock Information
            8.4.2) Asynchronous Control Signals Information
            8.4.3) Timing Summary
            8.4.4) Timing Details
            8.4.5) Cross Clock Domains Report


=========================================================================
*                      Synthesis Options Summary                        *
=========================================================================
---- Source Parameters
Input File Name                    : "uart_tx.prj"
Ignore Synthesis Constraint File   : NO

---- Target Parameters
Output File Name                   : "uart_tx"
Output Format                      : NGC
Target Device                      : xc6slx16-2-csg324

---- Source Options
Top Module Name                    : uart_tx
Automatic FSM Extraction           : YES
FSM Encoding Algorithm             : Auto
Safe Implementation                : No
FSM Style                          : LUT
RAM Extraction                     : Yes
RAM Style                          : Auto
ROM Extraction                     : Yes
Shift Register Extraction          : YES
ROM Style                          : Auto
Resource Sharing                   : YES
Asynchronous To Synchronous        : NO
Shift Register Minimum Size        : 2
Use DSP Block                      : Auto
Automatic Register Balancing       : No

---- Target Options
LUT Combining                      : Auto
Reduce Control Sets                : Auto
Add IO Buffers                     : YES
Global Maximum Fanout              : 100000
Add Generic Clock Buffer(BUFG)     : 16
Register Duplication               : YES
Optimize Instantiated Primitives   : NO
Use Clock Enable                   : Auto
Use Synchronous Set                : Auto
Use Synchronous Reset              : Auto
Pack IO Registers into IOBs        : Auto
Equivalent register Removal        : YES

---- General Options
Optimization Goal                  : Speed
Optimization Effort                : 1
Power Reduction                    : NO
Keep Hierarchy                     : No
Netlist Hierarchy                  : As_Optimized
RTL Output                         : Yes
Global Optimization                : AllClockNets
Read Cores                         : YES
Write Timing Constraints           : NO
Cross Clock Analysis               : NO
Hierarchy Separator                : /
Bus Delimiter                      : <>
Case Specifier                     : Maintain
Slice Utilization Ratio            : 100
BRAM Utilization Ratio             : 100
DSP48 Utilization Ratio            : 100
Auto BRAM Packing                  : NO
Slice Utilization Ratio Delta      : 5

=========================================================================


=========================================================================
*                          HDL Parsing                                  *
=========================================================================
Analyzing Verilog file "E:\FPGA\my.verilog.learn\uart_tx_001\rtl\uart_tx.v" into library work
Parsing module <uart_tx>.

=========================================================================
*                            HDL Elaboration                            *
=========================================================================

Elaborating module <uart_tx>.

=========================================================================
*                           HDL Synthesis                               *
=========================================================================

Synthesizing Unit <uart_tx>.
    Related source file is "E:\FPGA\my.verilog.learn\uart_tx_001\rtl\uart_tx.v".
    Found 1-bit register for signal <uart_tx>.
    Found 13-bit register for signal <cnt>.
    Found 13-bit register for signal <bps_cnt>.
    Found 8-bit register for signal <r_data_byte>.
    Found 4-bit register for signal <send_cnt>.
    Found 1-bit register for signal <bps_clk>.
    Found 1-bit register for signal <tx_done>.
    Found 1-bit register for signal <uart_state>.
    Found 13-bit adder for signal <cnt[12]_GND_1_o_add_3_OUT> created at line 71.
    Found 4-bit adder for signal <send_cnt[3]_GND_1_o_add_9_OUT> created at line 104.
    Found 8x13-bit Read Only RAM for signal <baud_set[2]_PWR_1_o_wide_mux_0_OUT>
    Found 1-bit 12-to-1 multiplexer for signal <send_cnt[3]_PWR_1_o_Mux_15_o> created at line 118.
    Found 13-bit comparator equal for signal <cnt[12]_bps_cnt[12]_equal_3_o> created at line 68
    Summary:
	inferred   1 RAM(s).
	inferred   2 Adder/Subtractor(s).
	inferred  42 D-type flip-flop(s).
	inferred   1 Comparator(s).
	inferred   3 Multiplexer(s).
Unit <uart_tx> synthesized.

=========================================================================
HDL Synthesis Report

Macro Statistics
# RAMs                                                 : 1
 8x13-bit single-port Read Only RAM                    : 1
# Adders/Subtractors                                   : 2
 13-bit adder                                          : 1
 4-bit adder                                           : 1
# Registers                                            : 8
 1-bit register                                        : 4
 13-bit register                                       : 2
 4-bit register                                        : 1
 8-bit register                                        : 1
# Comparators                                          : 1
 13-bit comparator equal                               : 1
# Multiplexers                                         : 3
 1-bit 12-to-1 multiplexer                             : 1
 13-bit 2-to-1 multiplexer                             : 1
 4-bit 2-to-1 multiplexer                              : 1

=========================================================================

=========================================================================
*                       Advanced HDL Synthesis                          *
=========================================================================


Synthesizing (advanced) Unit <uart_tx>.
The following registers are absorbed into counter <cnt>: 1 register on signal <cnt>.
The following registers are absorbed into counter <send_cnt>: 1 register on signal <send_cnt>.
INFO:Xst:3217 - HDL ADVISOR - Register <bps_cnt> currently described with an asynchronous reset, could be combined with distributed RAM <Mram_baud_set[2]_PWR_1_o_wide_mux_0_OUT> for implementation on block RAM resources if you made this reset synchronous instead.
    -----------------------------------------------------------------------
    | ram_type           | Distributed                         |          |
    -----------------------------------------------------------------------
    | Port A                                                              |
    |     aspect ratio   | 8-word x 13-bit                     |          |
    |     weA            | connected to signal <GND>           | high     |
    |     addrA          | connected to signal <baud_set>      |          |
    |     diA            | connected to signal <GND>           |          |
    |     doA            | connected to internal node          |          |
    -----------------------------------------------------------------------
Unit <uart_tx> synthesized (advanced).

=========================================================================
Advanced HDL Synthesis Report

Macro Statistics
# RAMs                                                 : 1
 8x13-bit single-port distributed Read Only RAM        : 1
# Counters                                             : 2
 13-bit up counter                                     : 1
 4-bit up counter                                      : 1
# Registers                                            : 25
 Flip-Flops                                            : 25
# Comparators                                          : 1
 13-bit comparator equal                               : 1
# Multiplexers                                         : 1
 1-bit 12-to-1 multiplexer                             : 1

=========================================================================

=========================================================================
*                         Low Level Synthesis                           *
=========================================================================
INFO:Xst:2261 - The FF/Latch <bps_cnt_2> in Unit <uart_tx> is equivalent to the following FF/Latch, which will be removed : <bps_cnt_10> 
INFO:Xst:2261 - The FF/Latch <bps_cnt_3> in Unit <uart_tx> is equivalent to the following FF/Latch, which will be removed : <bps_cnt_11> 

Optimizing unit <uart_tx> ...

Mapping all equations...
Building and optimizing final netlist ...
Found area constraint ratio of 100 (+ 5) on block uart_tx, actual ratio is 0.

Final Macro Processing ...

=========================================================================
Final Register Report

Macro Statistics
# Registers                                            : 40
 Flip-Flops                                            : 40

=========================================================================

=========================================================================
*                           Partition Report                            *
=========================================================================

Partition Implementation Status
-------------------------------

  No Partitions were found in this design.

-------------------------------

=========================================================================
*                            Design Summary                             *
=========================================================================

Top Level Output File Name         : uart_tx.ngc

Primitive and Black Box Usage:
------------------------------
# BELS                             : 76
#      GND                         : 1
#      INV                         : 1
#      LUT2                        : 17
#      LUT3                        : 11
#      LUT4                        : 2
#      LUT5                        : 3
#      LUT6                        : 9
#      MUXCY                       : 18
#      VCC                         : 1
#      XORCY                       : 13
# FlipFlops/Latches                : 40
#      FDC                         : 27
#      FDCE                        : 12
#      FDPE                        : 1
# Clock Buffers                    : 1
#      BUFGP                       : 1
# IO Buffers                       : 16
#      IBUF                        : 13
#      OBUF                        : 3

Device utilization summary:
---------------------------

Selected Device : 6slx16csg324-2 


Slice Logic Utilization: 
 Number of Slice Registers:              40  out of  18224     0%  
 Number of Slice LUTs:                   43  out of   9112     0%  
    Number used as Logic:                43  out of   9112     0%  

Slice Logic Distribution: 
 Number of LUT Flip Flop pairs used:     51
   Number with an unused Flip Flop:      11  out of     51    21%  
   Number with an unused LUT:             8  out of     51    15%  
   Number of fully used LUT-FF pairs:    32  out of     51    62%  
   Number of unique control sets:         3

IO Utilization: 
 Number of IOs:                          17
 Number of bonded IOBs:                  17  out of    232     7%  

Specific Feature Utilization:
 Number of BUFG/BUFGCTRLs:                1  out of     16     6%  

---------------------------
Partition Resource Summary:
---------------------------

  No Partitions were found in this design.

---------------------------


=========================================================================
Timing Report

NOTE: THESE TIMING NUMBERS ARE ONLY A SYNTHESIS ESTIMATE.
      FOR ACCURATE TIMING INFORMATION PLEASE REFER TO THE TRACE REPORT
      GENERATED AFTER PLACE-and-ROUTE.

Clock Information:
------------------
-----------------------------------+------------------------+-------+
Clock Signal                       | Clock buffer(FF name)  | Load  |
-----------------------------------+------------------------+-------+
clk                                | BUFGP                  | 40    |
-----------------------------------+------------------------+-------+

Asynchronous Control Signals Information:
----------------------------------------
No asynchronous control signals found in this design

Timing Summary:
---------------
Speed Grade: -2

   Minimum period: 4.356ns (Maximum Frequency: 229.582MHz)
   Minimum input arrival time before clock: 4.376ns
   Maximum output required time after clock: 4.162ns
   Maximum combinational path delay: No path found

Timing Details:
---------------
All values displayed in nanoseconds (ns)

=========================================================================
Timing constraint: Default period analysis for Clock 'clk'
  Clock period: 4.356ns (frequency: 229.582MHz)
  Total number of paths / destination ports: 2867 / 25
-------------------------------------------------------------------------
Delay:               4.356ns (Levels of Logic = 20)
  Source:            bps_cnt_1 (FF)
  Destination:       cnt_12 (FF)
  Source Clock:      clk rising
  Destination Clock: clk rising

  Data Path: bps_cnt_1 to cnt_12
                                Gate     Net
    Cell:in->out      fanout   Delay   Delay  Logical Name (Net Name)
    ----------------------------------------  ------------
     FDC:C->Q              1   0.525   1.137  bps_cnt_1 (bps_cnt_1)
     LUT6:I0->O            1   0.254   0.000  Mcompar_cnt[12]_bps_cnt[12]_equal_3_o_lut<0> (Mcompar_cnt[12]_bps_cnt[12]_equal_3_o_lut<0>)
     MUXCY:S->O            1   0.215   0.000  Mcompar_cnt[12]_bps_cnt[12]_equal_3_o_cy<0> (Mcompar_cnt[12]_bps_cnt[12]_equal_3_o_cy<0>)
     MUXCY:CI->O           1   0.023   0.000  Mcompar_cnt[12]_bps_cnt[12]_equal_3_o_cy<1> (Mcompar_cnt[12]_bps_cnt[12]_equal_3_o_cy<1>)
     MUXCY:CI->O           1   0.023   0.000  Mcompar_cnt[12]_bps_cnt[12]_equal_3_o_cy<2> (Mcompar_cnt[12]_bps_cnt[12]_equal_3_o_cy<2>)
     MUXCY:CI->O           1   0.023   0.000  Mcompar_cnt[12]_bps_cnt[12]_equal_3_o_cy<3> (Mcompar_cnt[12]_bps_cnt[12]_equal_3_o_cy<3>)
     MUXCY:CI->O          14   0.023   1.127  Mcompar_cnt[12]_bps_cnt[12]_equal_3_o_cy<4> (cnt[12]_bps_cnt[12]_equal_3_o)
     LUT2:I1->O            1   0.254   0.000  Mcount_cnt_lut<0> (Mcount_cnt_lut<0>)
     MUXCY:S->O            1   0.215   0.000  Mcount_cnt_cy<0> (Mcount_cnt_cy<0>)
     MUXCY:CI->O           1   0.023   0.000  Mcount_cnt_cy<1> (Mcount_cnt_cy<1>)
     MUXCY:CI->O           1   0.023   0.000  Mcount_cnt_cy<2> (Mcount_cnt_cy<2>)
     MUXCY:CI->O           1   0.023   0.000  Mcount_cnt_cy<3> (Mcount_cnt_cy<3>)
     MUXCY:CI->O           1   0.023   0.000  Mcount_cnt_cy<4> (Mcount_cnt_cy<4>)
     MUXCY:CI->O           1   0.023   0.000  Mcount_cnt_cy<5> (Mcount_cnt_cy<5>)
     MUXCY:CI->O           1   0.023   0.000  Mcount_cnt_cy<6> (Mcount_cnt_cy<6>)
     MUXCY:CI->O           1   0.023   0.000  Mcount_cnt_cy<7> (Mcount_cnt_cy<7>)
     MUXCY:CI->O           1   0.023   0.000  Mcount_cnt_cy<8> (Mcount_cnt_cy<8>)
     MUXCY:CI->O           1   0.023   0.000  Mcount_cnt_cy<9> (Mcount_cnt_cy<9>)
     MUXCY:CI->O           1   0.023   0.000  Mcount_cnt_cy<10> (Mcount_cnt_cy<10>)
     MUXCY:CI->O           0   0.023   0.000  Mcount_cnt_cy<11> (Mcount_cnt_cy<11>)
     XORCY:CI->O           1   0.206   0.000  Mcount_cnt_xor<12> (Mcount_cnt12)
     FDC:D                     0.074          cnt_12
    ----------------------------------------
    Total                      4.356ns (2.092ns logic, 2.264ns route)
                                       (48.0% logic, 52.0% route)

=========================================================================
Timing constraint: Default OFFSET IN BEFORE for Clock 'clk'
  Total number of paths / destination ports: 90 / 72
-------------------------------------------------------------------------
Offset:              4.376ns (Levels of Logic = 2)
  Source:            rst_n (PAD)
  Destination:       bps_clk (FF)
  Destination Clock: clk rising

  Data Path: rst_n to bps_clk
                                Gate     Net
    Cell:in->out      fanout   Delay   Delay  Logical Name (Net Name)
    ----------------------------------------  ------------
     IBUF:I->O             1   1.328   0.681  rst_n_IBUF (rst_n_IBUF)
     INV:I->O             40   0.255   1.653  rst_n_inv1_INV_0 (rst_n_inv)
     FDC:CLR                   0.459          bps_clk
    ----------------------------------------
    Total                      4.376ns (2.042ns logic, 2.334ns route)
                                       (46.7% logic, 53.3% route)

=========================================================================
Timing constraint: Default OFFSET OUT AFTER for Clock 'clk'
  Total number of paths / destination ports: 3 / 3
-------------------------------------------------------------------------
Offset:              4.162ns (Levels of Logic = 1)
  Source:            uart_state (FF)
  Destination:       uart_state (PAD)
  Source Clock:      clk rising

  Data Path: uart_state to uart_state
                                Gate     Net
    Cell:in->out      fanout   Delay   Delay  Logical Name (Net Name)
    ----------------------------------------  ------------
     FDC:C->Q              2   0.525   0.725  uart_state (uart_state_OBUF)
     OBUF:I->O                 2.912          uart_state_OBUF (uart_state)
    ----------------------------------------
    Total                      4.162ns (3.437ns logic, 0.725ns route)
                                       (82.6% logic, 17.4% route)

=========================================================================

Cross Clock Domains Report:
--------------------------

Clock to Setup on destination clock clk
---------------+---------+---------+---------+---------+
               | Src:Rise| Src:Fall| Src:Rise| Src:Fall|
Source Clock   |Dest:Rise|Dest:Rise|Dest:Fall|Dest:Fall|
---------------+---------+---------+---------+---------+
clk            |    4.356|         |         |         |
---------------+---------+---------+---------+---------+

=========================================================================


Total REAL time to Xst completion: 7.00 secs
Total CPU time to Xst completion: 7.05 secs
 
--> 

Total memory usage is 4485844 kilobytes

Number of errors   :    0 (   0 filtered)
Number of warnings :    0 (   0 filtered)
Number of infos    :    3 (   0 filtered)

