Release 14.7 - xst P.20131013 (nt64)
Copyright (c) 1995-2013 Xilinx, Inc.  All rights reserved.
--> Parameter TMPDIR set to xst/projnav.tmp


Total REAL time to Xst completion: 0.00 secs
Total CPU time to Xst completion: 0.33 secs
 
--> Parameter xsthdpdir set to xst


Total REAL time to Xst completion: 0.00 secs
Total CPU time to Xst completion: 0.33 secs
 
--> Reading design: uart_tx_top.prj

TABLE OF CONTENTS
  1) Synthesis Options Summary
  2) HDL Parsing
  3) HDL Elaboration
  4) HDL Synthesis
       4.1) HDL Synthesis Report
  5) Advanced HDL Synthesis
       5.1) Advanced HDL Synthesis Report
  6) Low Level Synthesis
  7) Partition Report
  8) Design Summary
       8.1) Primitive and Black Box Usage
       8.2) Device utilization summary
       8.3) Partition Resource Summary
       8.4) Timing Report
            8.4.1) Clock Information
            8.4.2) Asynchronous Control Signals Information
            8.4.3) Timing Summary
            8.4.4) Timing Details
            8.4.5) Cross Clock Domains Report


=========================================================================
*                      Synthesis Options Summary                        *
=========================================================================
---- Source Parameters
Input File Name                    : "uart_tx_top.prj"
Ignore Synthesis Constraint File   : NO

---- Target Parameters
Output File Name                   : "uart_tx_top"
Output Format                      : NGC
Target Device                      : xc6slx16-2-csg324

---- Source Options
Top Module Name                    : uart_tx_top
Automatic FSM Extraction           : YES
FSM Encoding Algorithm             : Auto
Safe Implementation                : No
FSM Style                          : LUT
RAM Extraction                     : Yes
RAM Style                          : Auto
ROM Extraction                     : Yes
Shift Register Extraction          : YES
ROM Style                          : Auto
Resource Sharing                   : YES
Asynchronous To Synchronous        : NO
Shift Register Minimum Size        : 2
Use DSP Block                      : Auto
Automatic Register Balancing       : No

---- Target Options
LUT Combining                      : Auto
Reduce Control Sets                : Auto
Add IO Buffers                     : YES
Global Maximum Fanout              : 100000
Add Generic Clock Buffer(BUFG)     : 16
Register Duplication               : YES
Optimize Instantiated Primitives   : NO
Use Clock Enable                   : Auto
Use Synchronous Set                : Auto
Use Synchronous Reset              : Auto
Pack IO Registers into IOBs        : Auto
Equivalent register Removal        : YES

---- General Options
Optimization Goal                  : Speed
Optimization Effort                : 1
Power Reduction                    : NO
Keep Hierarchy                     : No
Netlist Hierarchy                  : As_Optimized
RTL Output                         : Yes
Global Optimization                : AllClockNets
Read Cores                         : YES
Write Timing Constraints           : NO
Cross Clock Analysis               : NO
Hierarchy Separator                : /
Bus Delimiter                      : <>
Case Specifier                     : Maintain
Slice Utilization Ratio            : 100
BRAM Utilization Ratio             : 100
DSP48 Utilization Ratio            : 100
Auto BRAM Packing                  : NO
Slice Utilization Ratio Delta      : 5

=========================================================================


=========================================================================
*                          HDL Parsing                                  *
=========================================================================
Analyzing Verilog file "E:\FPGA\my.verilog.learn\uart_all\class11_uart_tx\rtl\uart_byte_tx.v" into library work
Parsing module <uart_byte_tx>.
Analyzing Verilog file "E:\FPGA\my.verilog.learn\uart_all\class11_uart_tx\rtl\key_filter.v" into library work
Parsing module <key_filter>.
Analyzing Verilog file "E:\FPGA\my.verilog.learn\uart_all\class11_uart_tx\rtl\uart_tx_top.v" into library work
Parsing module <uart_tx_top>.

=========================================================================
*                            HDL Elaboration                            *
=========================================================================

Elaborating module <uart_tx_top>.

Elaborating module <uart_byte_tx>.

Elaborating module <key_filter>.

=========================================================================
*                           HDL Synthesis                               *
=========================================================================

Synthesizing Unit <uart_tx_top>.
    Related source file is "E:\FPGA\my.verilog.learn\uart_all\class11_uart_tx\rtl\uart_tx_top.v".
        data = 8'b01111010
INFO:Xst:3210 - "E:\FPGA\my.verilog.learn\uart_all\class11_uart_tx\rtl\uart_tx_top.v" line 21: Output port <Tx_Done> of the instance <uart_byte_tx> is unconnected or connected to loadless signal.
    Summary:
	no macro.
Unit <uart_tx_top> synthesized.

Synthesizing Unit <uart_byte_tx>.
    Related source file is "E:\FPGA\my.verilog.learn\uart_all\class11_uart_tx\rtl\uart_byte_tx.v".
    Found 1-bit register for signal <bps_clk>.
    Found 1-bit register for signal <Tx_Done>.
    Found 1-bit register for signal <uart_state>.
    Found 1-bit register for signal <Rs232_Tx>.
    Found 8-bit register for signal <r_data_byte>.
    Found 16-bit register for signal <div_cnt>.
    Found 4-bit register for signal <bps_cnt>.
    Found 16-bit adder for signal <div_cnt[15]_GND_2_o_add_6_OUT> created at line 76.
    Found 4-bit adder for signal <bps_cnt[3]_GND_2_o_add_12_OUT> created at line 97.
    WARNING:Xst:2404 -  FFs/Latches <bps_DR<15:13>> (without init value) have a constant value of 0 in block <uart_byte_tx>.
    WARNING:Xst:2404 -  FFs/Latches <bps_DR<13:13>> (without init value) have a constant value of 1 in block <uart_byte_tx>.
    WARNING:Xst:2404 -  FFs/Latches <bps_DR<13:13>> (without init value) have a constant value of 0 in block <uart_byte_tx>.
    WARNING:Xst:2404 -  FFs/Latches <bps_DR<13:13>> (without init value) have a constant value of 1 in block <uart_byte_tx>.
    WARNING:Xst:2404 -  FFs/Latches <bps_DR<13:11>> (without init value) have a constant value of 0 in block <uart_byte_tx>.
    WARNING:Xst:2404 -  FFs/Latches <bps_DR<11:11>> (without init value) have a constant value of 1 in block <uart_byte_tx>.
    WARNING:Xst:2404 -  FFs/Latches <bps_DR<11:11>> (without init value) have a constant value of 0 in block <uart_byte_tx>.
    WARNING:Xst:2404 -  FFs/Latches <bps_DR<11:11>> (without init value) have a constant value of 1 in block <uart_byte_tx>.
    WARNING:Xst:2404 -  FFs/Latches <bps_DR<11:11>> (without init value) have a constant value of 0 in block <uart_byte_tx>.
    WARNING:Xst:2404 -  FFs/Latches <bps_DR<11:9>> (without init value) have a constant value of 1 in block <uart_byte_tx>.
    Summary:
	inferred   2 Adder/Subtractor(s).
	inferred  32 D-type flip-flop(s).
	inferred  13 Multiplexer(s).
Unit <uart_byte_tx> synthesized.

Synthesizing Unit <key_filter>.
    Related source file is "E:\FPGA\my.verilog.learn\uart_all\class11_uart_tx\rtl\key_filter.v".
    Found 1-bit register for signal <key_state>.
    Found 1-bit register for signal <key_in_sb>.
    Found 1-bit register for signal <key_tmpa>.
    Found 1-bit register for signal <key_tmpb>.
    Found 1-bit register for signal <en_cnt>.
    Found 1-bit register for signal <key_flag>.
    Found 1-bit register for signal <cnt_full>.
    Found 1-bit register for signal <key_in_sa>.
    Found 20-bit register for signal <cnt>.
    Found 4-bit register for signal <state>.
    Found finite state machine <FSM_0> for signal <state>.
    -----------------------------------------------------------------------
    | States             | 4                                              |
    | Transitions        | 14                                             |
    | Inputs             | 4                                              |
    | Outputs            | 4                                              |
    | Clock              | Clk (rising_edge)                              |
    | Reset              | Rst_n (negative)                               |
    | Reset type         | asynchronous                                   |
    | Reset State        | 0001                                           |
    | Encoding           | auto                                           |
    | Implementation     | LUT                                            |
    -----------------------------------------------------------------------
    Found 20-bit adder for signal <cnt[19]_GND_4_o_add_17_OUT> created at line 126.
    Summary:
	inferred   1 Adder/Subtractor(s).
	inferred  28 D-type flip-flop(s).
	inferred   9 Multiplexer(s).
	inferred   1 Finite State Machine(s).
Unit <key_filter> synthesized.

=========================================================================
HDL Synthesis Report

Macro Statistics
# Adders/Subtractors                                   : 3
 16-bit adder                                          : 1
 20-bit adder                                          : 1
 4-bit adder                                           : 1
# Registers                                            : 16
 1-bit register                                        : 12
 16-bit register                                       : 1
 20-bit register                                       : 1
 4-bit register                                        : 1
 8-bit register                                        : 1
# Multiplexers                                         : 22
 1-bit 2-to-1 multiplexer                              : 18
 16-bit 2-to-1 multiplexer                             : 2
 20-bit 2-to-1 multiplexer                             : 1
 4-bit 2-to-1 multiplexer                              : 1
# FSMs                                                 : 1

=========================================================================

=========================================================================
*                       Advanced HDL Synthesis                          *
=========================================================================

INFO:Xst:2261 - The FF/Latch <r_data_byte_1> in Unit <uart_byte_tx> is equivalent to the following 4 FFs/Latches, which will be removed : <r_data_byte_3> <r_data_byte_4> <r_data_byte_5> <r_data_byte_6> 
WARNING:Xst:2677 - Node <r_data_byte_0> of sequential type is unconnected in block <uart_byte_tx>.
WARNING:Xst:2677 - Node <r_data_byte_2> of sequential type is unconnected in block <uart_byte_tx>.
WARNING:Xst:2677 - Node <r_data_byte_7> of sequential type is unconnected in block <uart_byte_tx>.
WARNING:Xst:2404 -  FFs/Latches <r_data_byte<7:7>> (without init value) have a constant value of 0 in block <uart_byte_tx>.

Synthesizing (advanced) Unit <key_filter>.
The following registers are absorbed into counter <cnt>: 1 register on signal <cnt>.
Unit <key_filter> synthesized (advanced).

Synthesizing (advanced) Unit <uart_byte_tx>.
The following registers are absorbed into counter <bps_cnt>: 1 register on signal <bps_cnt>.
Unit <uart_byte_tx> synthesized (advanced).
WARNING:Xst:2677 - Node <r_data_byte_0> of sequential type is unconnected in block <uart_byte_tx>.
WARNING:Xst:2677 - Node <r_data_byte_2> of sequential type is unconnected in block <uart_byte_tx>.

=========================================================================
Advanced HDL Synthesis Report

Macro Statistics
# Adders/Subtractors                                   : 1
 16-bit adder                                          : 1
# Counters                                             : 2
 20-bit up counter                                     : 1
 4-bit up counter                                      : 1
# Registers                                            : 33
 Flip-Flops                                            : 33
# Multiplexers                                         : 20
 1-bit 2-to-1 multiplexer                              : 18
 16-bit 2-to-1 multiplexer                             : 2
# FSMs                                                 : 1

=========================================================================

=========================================================================
*                         Low Level Synthesis                           *
=========================================================================
INFO:Xst:2261 - The FF/Latch <r_data_byte_1> in Unit <uart_byte_tx> is equivalent to the following 4 FFs/Latches, which will be removed : <r_data_byte_3> <r_data_byte_4> <r_data_byte_5> <r_data_byte_6> 
Analyzing FSM <MFsm> for best encoding.
Optimizing FSM <key_filter0/FSM_0> on signal <state[1:2]> with gray encoding.
-------------------
 State | Encoding
-------------------
 0001  | 00
 0010  | 01
 0100  | 11
 1000  | 10
-------------------

Optimizing unit <uart_tx_top> ...

Optimizing unit <uart_byte_tx> ...

Optimizing unit <key_filter> ...
WARNING:Xst:2677 - Node <uart_byte_tx/Tx_Done> of sequential type is unconnected in block <uart_tx_top>.
INFO:Xst:3203 - The FF/Latch <key_filter0/key_state> in Unit <uart_tx_top> is the opposite to the following FF/Latch, which will be removed : <key_filter0/state_FSM_FFd1> 

Mapping all equations...
Building and optimizing final netlist ...
Found area constraint ratio of 100 (+ 5) on block uart_tx_top, actual ratio is 1.

Final Macro Processing ...

=========================================================================
Final Register Report

Macro Statistics
# Registers                                            : 53
 Flip-Flops                                            : 53

=========================================================================

=========================================================================
*                           Partition Report                            *
=========================================================================

Partition Implementation Status
-------------------------------

  No Partitions were found in this design.

-------------------------------

=========================================================================
*                            Design Summary                             *
=========================================================================

Top Level Output File Name         : uart_tx_top.ngc

Primitive and Black Box Usage:
------------------------------
# BELS                             : 148
#      GND                         : 1
#      INV                         : 3
#      LUT1                        : 15
#      LUT2                        : 21
#      LUT3                        : 18
#      LUT4                        : 5
#      LUT5                        : 4
#      LUT6                        : 10
#      MUXCY                       : 34
#      VCC                         : 1
#      XORCY                       : 36
# FlipFlops/Latches                : 53
#      FDC                         : 47
#      FDCE                        : 4
#      FDP                         : 2
# Clock Buffers                    : 1
#      BUFGP                       : 1
# IO Buffers                       : 4
#      IBUF                        : 2
#      OBUF                        : 2

Device utilization summary:
---------------------------

Selected Device : 6slx16csg324-2 


Slice Logic Utilization: 
 Number of Slice Registers:              53  out of  18224     0%  
 Number of Slice LUTs:                   76  out of   9112     0%  
    Number used as Logic:                76  out of   9112     0%  

Slice Logic Distribution: 
 Number of LUT Flip Flop pairs used:     79
   Number with an unused Flip Flop:      26  out of     79    32%  
   Number with an unused LUT:             3  out of     79     3%  
   Number of fully used LUT-FF pairs:    50  out of     79    63%  
   Number of unique control sets:         2

IO Utilization: 
 Number of IOs:                           5
 Number of bonded IOBs:                   5  out of    232     2%  

Specific Feature Utilization:
 Number of BUFG/BUFGCTRLs:                1  out of     16     6%  

---------------------------
Partition Resource Summary:
---------------------------

  No Partitions were found in this design.

---------------------------


=========================================================================
Timing Report

NOTE: THESE TIMING NUMBERS ARE ONLY A SYNTHESIS ESTIMATE.
      FOR ACCURATE TIMING INFORMATION PLEASE REFER TO THE TRACE REPORT
      GENERATED AFTER PLACE-and-ROUTE.

Clock Information:
------------------
-----------------------------------+------------------------+-------+
Clock Signal                       | Clock buffer(FF name)  | Load  |
-----------------------------------+------------------------+-------+
Clk                                | BUFGP                  | 53    |
-----------------------------------+------------------------+-------+

Asynchronous Control Signals Information:
----------------------------------------
No asynchronous control signals found in this design

Timing Summary:
---------------
Speed Grade: -2

   Minimum period: 4.550ns (Maximum Frequency: 219.780MHz)
   Minimum input arrival time before clock: 4.566ns
   Maximum output required time after clock: 4.671ns
   Maximum combinational path delay: No path found

Timing Details:
---------------
All values displayed in nanoseconds (ns)

=========================================================================
Timing constraint: Default period analysis for Clock 'Clk'
  Clock period: 4.550ns (frequency: 219.780MHz)
  Total number of paths / destination ports: 951 / 56
-------------------------------------------------------------------------
Delay:               4.550ns (Levels of Logic = 3)
  Source:            uart_byte_tx/div_cnt_12 (FF)
  Destination:       uart_byte_tx/div_cnt_15 (FF)
  Source Clock:      Clk rising
  Destination Clock: Clk rising

  Data Path: uart_byte_tx/div_cnt_12 to uart_byte_tx/div_cnt_15
                                Gate     Net
    Cell:in->out      fanout   Delay   Delay  Logical Name (Net Name)
    ----------------------------------------  ------------
     FDC:C->Q              3   0.525   1.221  uart_byte_tx/div_cnt_12 (uart_byte_tx/div_cnt_12)
     LUT6:I0->O            1   0.254   0.790  uart_byte_tx/div_cnt[15]_bps_DR[15]_equal_6_o<15>4_SW0 (N2)
     LUT6:I4->O           16   0.250   1.182  uart_byte_tx/div_cnt[15]_bps_DR[15]_equal_6_o<15>4 (uart_byte_tx/div_cnt[15]_bps_DR[15]_equal_6_o)
     LUT3:I2->O            1   0.254   0.000  uart_byte_tx/Mmux_GND_2_o_div_cnt[15]_mux_8_OUT17 (uart_byte_tx/GND_2_o_div_cnt[15]_mux_8_OUT<0>)
     FDC:D                     0.074          uart_byte_tx/div_cnt_0
    ----------------------------------------
    Total                      4.550ns (1.357ns logic, 3.193ns route)
                                       (29.8% logic, 70.2% route)

=========================================================================
Timing constraint: Default OFFSET IN BEFORE for Clock 'Clk'
  Total number of paths / destination ports: 54 / 54
-------------------------------------------------------------------------
Offset:              4.566ns (Levels of Logic = 2)
  Source:            Rst_n (PAD)
  Destination:       uart_byte_tx/bps_cnt_3 (FF)
  Destination Clock: Clk rising

  Data Path: Rst_n to uart_byte_tx/bps_cnt_3
                                Gate     Net
    Cell:in->out      fanout   Delay   Delay  Logical Name (Net Name)
    ----------------------------------------  ------------
     IBUF:I->O             1   1.328   0.681  Rst_n_IBUF (Rst_n_IBUF)
     INV:I->O             53   0.255   1.843  uart_byte_tx/Rst_n_inv1_INV_0 (key_filter0/Rst_n_inv)
     FDP:PRE                   0.459          key_filter0/key_state
    ----------------------------------------
    Total                      4.566ns (2.042ns logic, 2.524ns route)
                                       (44.7% logic, 55.3% route)

=========================================================================
Timing constraint: Default OFFSET OUT AFTER for Clock 'Clk'
  Total number of paths / destination ports: 2 / 2
-------------------------------------------------------------------------
Offset:              4.671ns (Levels of Logic = 1)
  Source:            uart_byte_tx/uart_state (FF)
  Destination:       led (PAD)
  Source Clock:      Clk rising

  Data Path: uart_byte_tx/uart_state to led
                                Gate     Net
    Cell:in->out      fanout   Delay   Delay  Logical Name (Net Name)
    ----------------------------------------  ------------
     FDC:C->Q             18   0.525   1.234  uart_byte_tx/uart_state (uart_byte_tx/uart_state)
     OBUF:I->O                 2.912          led_OBUF (led)
    ----------------------------------------
    Total                      4.671ns (3.437ns logic, 1.234ns route)
                                       (73.6% logic, 26.4% route)

=========================================================================

Cross Clock Domains Report:
--------------------------

Clock to Setup on destination clock Clk
---------------+---------+---------+---------+---------+
               | Src:Rise| Src:Fall| Src:Rise| Src:Fall|
Source Clock   |Dest:Rise|Dest:Rise|Dest:Fall|Dest:Fall|
---------------+---------+---------+---------+---------+
Clk            |    4.550|         |         |         |
---------------+---------+---------+---------+---------+

=========================================================================


Total REAL time to Xst completion: 6.00 secs
Total CPU time to Xst completion: 6.54 secs
 
--> 

Total memory usage is 4485844 kilobytes

Number of errors   :    0 (   0 filtered)
Number of warnings :   17 (   0 filtered)
Number of infos    :    4 (   0 filtered)

