Release 14.7 - xst P.20131013 (nt)
Copyright (c) 1995-2013 Xilinx, Inc.  All rights reserved.
--> Parameter TMPDIR set to xst/projnav.tmp


Total REAL time to Xst completion: 0.00 secs
Total CPU time to Xst completion: 0.08 secs
 
--> Parameter xsthdpdir set to xst


Total REAL time to Xst completion: 0.00 secs
Total CPU time to Xst completion: 0.08 secs
 
--> Reading design: ram_top.prj

TABLE OF CONTENTS
  1) Synthesis Options Summary
  2) HDL Parsing
  3) HDL Elaboration
  4) HDL Synthesis
       4.1) HDL Synthesis Report
  5) Advanced HDL Synthesis
       5.1) Advanced HDL Synthesis Report
  6) Low Level Synthesis
  7) Partition Report
  8) Design Summary
       8.1) Primitive and Black Box Usage
       8.2) Device utilization summary
       8.3) Partition Resource Summary
       8.4) Timing Report
            8.4.1) Clock Information
            8.4.2) Asynchronous Control Signals Information
            8.4.3) Timing Summary
            8.4.4) Timing Details
            8.4.5) Cross Clock Domains Report


=========================================================================
*                      Synthesis Options Summary                        *
=========================================================================
---- Source Parameters
Input File Name                    : "ram_top.prj"
Ignore Synthesis Constraint File   : NO

---- Target Parameters
Output File Name                   : "ram_top"
Output Format                      : NGC
Target Device                      : xc6slx16-2-csg324

---- Source Options
Top Module Name                    : ram_top
Automatic FSM Extraction           : YES
FSM Encoding Algorithm             : Auto
Safe Implementation                : No
FSM Style                          : LUT
RAM Extraction                     : Yes
RAM Style                          : Auto
ROM Extraction                     : Yes
Shift Register Extraction          : YES
ROM Style                          : Auto
Resource Sharing                   : YES
Asynchronous To Synchronous        : NO
Shift Register Minimum Size        : 2
Use DSP Block                      : Auto
Automatic Register Balancing       : No

---- Target Options
LUT Combining                      : Auto
Reduce Control Sets                : Auto
Add IO Buffers                     : YES
Global Maximum Fanout              : 100000
Add Generic Clock Buffer(BUFG)     : 16
Register Duplication               : YES
Optimize Instantiated Primitives   : NO
Use Clock Enable                   : Auto
Use Synchronous Set                : Auto
Use Synchronous Reset              : Auto
Pack IO Registers into IOBs        : Auto
Equivalent register Removal        : YES

---- General Options
Optimization Goal                  : Speed
Optimization Effort                : 1
Power Reduction                    : NO
Keep Hierarchy                     : No
Netlist Hierarchy                  : As_Optimized
RTL Output                         : Yes
Global Optimization                : AllClockNets
Read Cores                         : YES
Write Timing Constraints           : NO
Cross Clock Analysis               : NO
Hierarchy Separator                : /
Bus Delimiter                      : <>
Case Specifier                     : Maintain
Slice Utilization Ratio            : 100
BRAM Utilization Ratio             : 100
DSP48 Utilization Ratio            : 100
Auto BRAM Packing                  : NO
Slice Utilization Ratio Delta      : 5

---- Other Options
Cores Search Directories           : {"ipcore_dir"  }

=========================================================================


=========================================================================
*                          HDL Parsing                                  *
=========================================================================
Analyzing Verilog file "E:\FPGA\my.verilog.learn\ram.ver3\rtl\uart_byte_tx.v" into library work
Parsing module <uart_byte_tx>.
Analyzing Verilog file "E:\FPGA\my.verilog.learn\ram.ver3\rtl\ram_ctrl.v" into library work
Parsing module <ram_ctrl>.
Analyzing Verilog file "E:\FPGA\my.verilog.learn\ram.ver3\rtl\key_filter.v" into library work
Parsing module <key_filter>.
Analyzing Verilog file "E:\FPGA\my.verilog.learn\ram.ver3\prj\ram256x8\ipcore_dir\ram256x8.v" into library work
Parsing module <ram256x8>.
Analyzing Verilog file "E:\FPGA\my.verilog.learn\ram.ver3\rtl\ram_top.v" into library work
Parsing module <ram_top>.

=========================================================================
*                            HDL Elaboration                            *
=========================================================================

Elaborating module <ram_top>.

Elaborating module <ram256x8>.
WARNING:HDLCompiler:1499 - "E:\FPGA\my.verilog.learn\ram.ver3\prj\ram256x8\ipcore_dir\ram256x8.v" Line 39: Empty module <ram256x8> remains a black box.

Elaborating module <key_filter>.

Elaborating module <ram_ctrl>.

Elaborating module <uart_byte_tx>.

=========================================================================
*                           HDL Synthesis                               *
=========================================================================

Synthesizing Unit <ram_top>.
    Related source file is "E:\FPGA\my.verilog.learn\ram.ver3\rtl\ram_top.v".
    Summary:
	no macro.
Unit <ram_top> synthesized.

Synthesizing Unit <key_filter>.
    Related source file is "E:\FPGA\my.verilog.learn\ram.ver3\rtl\key_filter.v".
    Found 1-bit register for signal <key_state>.
    Found 20-bit register for signal <cnt>.
    Found 4-bit register for signal <state>.
    Found 1-bit register for signal <key_in_sb>.
    Found 1-bit register for signal <key_tmpa>.
    Found 1-bit register for signal <key_tmpb>.
    Found 1-bit register for signal <en_cnt>.
    Found 1-bit register for signal <key_flag>.
    Found 1-bit register for signal <cnt_full>.
    Found 1-bit register for signal <key_in_sa>.
    Found finite state machine <FSM_0> for signal <state>.
    -----------------------------------------------------------------------
    | States             | 4                                              |
    | Transitions        | 14                                             |
    | Inputs             | 4                                              |
    | Outputs            | 4                                              |
    | Clock              | clk (rising_edge)                              |
    | Reset              | rst_n (negative)                               |
    | Reset type         | asynchronous                                   |
    | Reset State        | 0001                                           |
    | Encoding           | auto                                           |
    | Implementation     | LUT                                            |
    -----------------------------------------------------------------------
    Found 20-bit adder for signal <cnt[19]_GND_3_o_add_17_OUT> created at line 126.
    Summary:
	inferred   1 Adder/Subtractor(s).
	inferred  28 D-type flip-flop(s).
	inferred   9 Multiplexer(s).
	inferred   1 Finite State Machine(s).
Unit <key_filter> synthesized.

Synthesizing Unit <ram_ctrl>.
    Related source file is "E:\FPGA\my.verilog.learn\ram.ver3\rtl\ram_ctrl.v".
        cnt_max = 9999999
    Found 8-bit register for signal <addr>.
    Found 24-bit register for signal <cnt_20ms>.
    Found 1-bit register for signal <rd_flag>.
    Found 1-bit register for signal <clk_read>.
    Found 1-bit register for signal <w_en>.
    Found 8-bit adder for signal <addr[7]_GND_5_o_add_3_OUT> created at line 72.
    Found 24-bit adder for signal <cnt_20ms[23]_GND_5_o_add_12_OUT> created at line 93.
    Summary:
	inferred   2 Adder/Subtractor(s).
	inferred  35 D-type flip-flop(s).
	inferred   3 Multiplexer(s).
Unit <ram_ctrl> synthesized.

Synthesizing Unit <uart_byte_tx>.
    Related source file is "E:\FPGA\my.verilog.learn\ram.ver3\rtl\uart_byte_tx.v".
    Found 1-bit register for signal <tx>.
    Found 8-bit register for signal <r_data_byte>.
    Found 16-bit register for signal <div_cnt>.
    Found 4-bit register for signal <bps_cnt>.
    Found 1-bit register for signal <bps_clk>.
    Found 1-bit register for signal <tx_done>.
    Found 1-bit register for signal <uart_state>.
    Found 16-bit adder for signal <div_cnt[15]_GND_6_o_add_6_OUT> created at line 78.
    Found 4-bit adder for signal <bps_cnt[3]_GND_6_o_add_12_OUT> created at line 99.
    Found 1-bit 12-to-1 multiplexer for signal <bps_cnt[3]_PWR_5_o_Mux_17_o> created at line 115.
    WARNING:Xst:2404 -  FFs/Latches <bps_DR<15:13>> (without init value) have a constant value of 0 in block <uart_byte_tx>.
    WARNING:Xst:2404 -  FFs/Latches <bps_DR<13:13>> (without init value) have a constant value of 1 in block <uart_byte_tx>.
    WARNING:Xst:2404 -  FFs/Latches <bps_DR<13:13>> (without init value) have a constant value of 0 in block <uart_byte_tx>.
    WARNING:Xst:2404 -  FFs/Latches <bps_DR<13:13>> (without init value) have a constant value of 1 in block <uart_byte_tx>.
    WARNING:Xst:2404 -  FFs/Latches <bps_DR<13:11>> (without init value) have a constant value of 0 in block <uart_byte_tx>.
    WARNING:Xst:2404 -  FFs/Latches <bps_DR<11:11>> (without init value) have a constant value of 1 in block <uart_byte_tx>.
    WARNING:Xst:2404 -  FFs/Latches <bps_DR<11:11>> (without init value) have a constant value of 0 in block <uart_byte_tx>.
    WARNING:Xst:2404 -  FFs/Latches <bps_DR<11:11>> (without init value) have a constant value of 1 in block <uart_byte_tx>.
    WARNING:Xst:2404 -  FFs/Latches <bps_DR<11:11>> (without init value) have a constant value of 0 in block <uart_byte_tx>.
    WARNING:Xst:2404 -  FFs/Latches <bps_DR<11:9>> (without init value) have a constant value of 1 in block <uart_byte_tx>.
    Summary:
	inferred   2 Adder/Subtractor(s).
	inferred  32 D-type flip-flop(s).
	inferred   4 Multiplexer(s).
Unit <uart_byte_tx> synthesized.

=========================================================================
HDL Synthesis Report

Macro Statistics
# Adders/Subtractors                                   : 6
 16-bit adder                                          : 1
 20-bit adder                                          : 2
 24-bit adder                                          : 1
 4-bit adder                                           : 1
 8-bit adder                                           : 1
# Registers                                            : 30
 1-bit register                                        : 23
 16-bit register                                       : 1
 20-bit register                                       : 2
 24-bit register                                       : 1
 4-bit register                                        : 1
 8-bit register                                        : 2
# Multiplexers                                         : 25
 1-bit 12-to-1 multiplexer                             : 1
 1-bit 2-to-1 multiplexer                              : 16
 16-bit 2-to-1 multiplexer                             : 2
 20-bit 2-to-1 multiplexer                             : 2
 24-bit 2-to-1 multiplexer                             : 1
 4-bit 2-to-1 multiplexer                              : 1
 8-bit 2-to-1 multiplexer                              : 2
# FSMs                                                 : 2

=========================================================================

=========================================================================
*                       Advanced HDL Synthesis                          *
=========================================================================

Reading core <ipcore_dir/ram256x8.ngc>.
Loading core <ram256x8> for timing and area information for instance <ram256x8_u>.

Synthesizing (advanced) Unit <key_filter>.
The following registers are absorbed into counter <cnt>: 1 register on signal <cnt>.
Unit <key_filter> synthesized (advanced).

Synthesizing (advanced) Unit <ram_ctrl>.
The following registers are absorbed into counter <cnt_20ms>: 1 register on signal <cnt_20ms>.
The following registers are absorbed into counter <addr>: 1 register on signal <addr>.
Unit <ram_ctrl> synthesized (advanced).

Synthesizing (advanced) Unit <uart_byte_tx>.
The following registers are absorbed into counter <bps_cnt>: 1 register on signal <bps_cnt>.
Unit <uart_byte_tx> synthesized (advanced).

=========================================================================
Advanced HDL Synthesis Report

Macro Statistics
# Adders/Subtractors                                   : 1
 16-bit adder                                          : 1
# Counters                                             : 5
 20-bit up counter                                     : 2
 24-bit up counter                                     : 1
 4-bit up counter                                      : 1
 8-bit up counter                                      : 1
# Registers                                            : 47
 Flip-Flops                                            : 47
# Multiplexers                                         : 20
 1-bit 12-to-1 multiplexer                             : 1
 1-bit 2-to-1 multiplexer                              : 16
 16-bit 2-to-1 multiplexer                             : 2
 8-bit 2-to-1 multiplexer                              : 1
# FSMs                                                 : 2

=========================================================================

=========================================================================
*                         Low Level Synthesis                           *
=========================================================================
Analyzing FSM <MFsm> for best encoding.
Optimizing FSM <key_u1/FSM_0> on signal <state[1:2]> with gray encoding.
Optimizing FSM <key_u2/FSM_0> on signal <state[1:2]> with gray encoding.
-------------------
 State | Encoding
-------------------
 0001  | 00
 0010  | 01
 0100  | 11
 1000  | 10
-------------------

Optimizing unit <ram_top> ...

Optimizing unit <key_filter> ...

Optimizing unit <ram_ctrl> ...

Optimizing unit <uart_byte_tx> ...
INFO:Xst:3203 - The FF/Latch <key_u1/state_FSM_FFd1> in Unit <ram_top> is the opposite to the following FF/Latch, which will be removed : <key_u1/key_state> 
INFO:Xst:3203 - The FF/Latch <key_u2/state_FSM_FFd1> in Unit <ram_top> is the opposite to the following FF/Latch, which will be removed : <key_u2/key_state> 

Mapping all equations...
Building and optimizing final netlist ...
Found area constraint ratio of 100 (+ 5) on block ram_top, actual ratio is 2.

Final Macro Processing ...

=========================================================================
Final Register Report

Macro Statistics
# Registers                                            : 125
 Flip-Flops                                            : 125

=========================================================================

=========================================================================
*                           Partition Report                            *
=========================================================================

Partition Implementation Status
-------------------------------

  No Partitions were found in this design.

-------------------------------

=========================================================================
*                            Design Summary                             *
=========================================================================

Top Level Output File Name         : ram_top.ngc

Primitive and Black Box Usage:
------------------------------
# BELS                             : 335
#      GND                         : 2
#      INV                         : 3
#      LUT1                        : 15
#      LUT2                        : 77
#      LUT3                        : 26
#      LUT4                        : 6
#      LUT5                        : 10
#      LUT6                        : 22
#      MUXCY                       : 83
#      MUXF7                       : 1
#      VCC                         : 2
#      XORCY                       : 88
# FlipFlops/Latches                : 125
#      FDC                         : 104
#      FDCE                        : 20
#      FDP                         : 1
# RAMS                             : 1
#      RAMB8BWER                   : 1
# Clock Buffers                    : 1
#      BUFGP                       : 1
# IO Buffers                       : 6
#      IBUF                        : 3
#      OBUF                        : 3

Device utilization summary:
---------------------------

Selected Device : 6slx16csg324-2 


Slice Logic Utilization: 
 Number of Slice Registers:             125  out of  18224     0%  
 Number of Slice LUTs:                  159  out of   9112     1%  
    Number used as Logic:               159  out of   9112     1%  

Slice Logic Distribution: 
 Number of LUT Flip Flop pairs used:    172
   Number with an unused Flip Flop:      47  out of    172    27%  
   Number with an unused LUT:            13  out of    172     7%  
   Number of fully used LUT-FF pairs:   112  out of    172    65%  
   Number of unique control sets:         4

IO Utilization: 
 Number of IOs:                           7
 Number of bonded IOBs:                   7  out of    232     3%  

Specific Feature Utilization:
 Number of Block RAM/FIFO:                1  out of     32     3%  
    Number using Block RAM only:          1
 Number of BUFG/BUFGCTRLs:                1  out of     16     6%  

---------------------------
Partition Resource Summary:
---------------------------

  No Partitions were found in this design.

---------------------------


=========================================================================
Timing Report

NOTE: THESE TIMING NUMBERS ARE ONLY A SYNTHESIS ESTIMATE.
      FOR ACCURATE TIMING INFORMATION PLEASE REFER TO THE TRACE REPORT
      GENERATED AFTER PLACE-and-ROUTE.

Clock Information:
------------------
-----------------------------------+------------------------+-------+
Clock Signal                       | Clock buffer(FF name)  | Load  |
-----------------------------------+------------------------+-------+
clk                                | BUFGP                  | 126   |
-----------------------------------+------------------------+-------+

Asynchronous Control Signals Information:
----------------------------------------
No asynchronous control signals found in this design

Timing Summary:
---------------
Speed Grade: -2

   Minimum period: 4.550ns (Maximum Frequency: 219.780MHz)
   Minimum input arrival time before clock: 5.008ns
   Maximum output required time after clock: 4.671ns
   Maximum combinational path delay: No path found

Timing Details:
---------------
All values displayed in nanoseconds (ns)

=========================================================================
Timing constraint: Default period analysis for Clock 'clk'
  Clock period: 4.550ns (frequency: 219.780MHz)
  Total number of paths / destination ports: 2385 / 171
-------------------------------------------------------------------------
Delay:               4.550ns (Levels of Logic = 3)
  Source:            uart_byte_tx_u/div_cnt_12 (FF)
  Destination:       uart_byte_tx_u/div_cnt_15 (FF)
  Source Clock:      clk rising
  Destination Clock: clk rising

  Data Path: uart_byte_tx_u/div_cnt_12 to uart_byte_tx_u/div_cnt_15
                                Gate     Net
    Cell:in->out      fanout   Delay   Delay  Logical Name (Net Name)
    ----------------------------------------  ------------
     FDC:C->Q              3   0.525   1.221  uart_byte_tx_u/div_cnt_12 (uart_byte_tx_u/div_cnt_12)
     LUT6:I0->O            1   0.254   0.790  uart_byte_tx_u/div_cnt[15]_bps_DR[15]_equal_6_o<15>4_SW0 (N8)
     LUT6:I4->O           16   0.250   1.182  uart_byte_tx_u/div_cnt[15]_bps_DR[15]_equal_6_o<15>4 (uart_byte_tx_u/div_cnt[15]_bps_DR[15]_equal_6_o)
     LUT3:I2->O            1   0.254   0.000  uart_byte_tx_u/Mmux_GND_6_o_div_cnt[15]_mux_8_OUT17 (uart_byte_tx_u/GND_6_o_div_cnt[15]_mux_8_OUT<0>)
     FDC:D                     0.074          uart_byte_tx_u/div_cnt_0
    ----------------------------------------
    Total                      4.550ns (1.357ns logic, 3.193ns route)
                                       (29.8% logic, 70.2% route)

=========================================================================
Timing constraint: Default OFFSET IN BEFORE for Clock 'clk'
  Total number of paths / destination ports: 127 / 127
-------------------------------------------------------------------------
Offset:              5.008ns (Levels of Logic = 2)
  Source:            rst_n (PAD)
  Destination:       key_u2/cnt_19 (FF)
  Destination Clock: clk rising

  Data Path: rst_n to key_u2/cnt_19
                                Gate     Net
    Cell:in->out      fanout   Delay   Delay  Logical Name (Net Name)
    ----------------------------------------  ------------
     IBUF:I->O             1   1.328   0.681  rst_n_IBUF (rst_n_IBUF)
     INV:I->O            125   0.255   2.285  key_u2/rst_n_inv1_INV_0 (key_u1/rst_n_inv)
     FDC:CLR                   0.459          key_u1/key_tmpb
    ----------------------------------------
    Total                      5.008ns (2.042ns logic, 2.966ns route)
                                       (40.8% logic, 59.2% route)

=========================================================================
Timing constraint: Default OFFSET OUT AFTER for Clock 'clk'
  Total number of paths / destination ports: 3 / 3
-------------------------------------------------------------------------
Offset:              4.671ns (Levels of Logic = 1)
  Source:            uart_byte_tx_u/uart_state (FF)
  Destination:       state_led (PAD)
  Source Clock:      clk rising

  Data Path: uart_byte_tx_u/uart_state to state_led
                                Gate     Net
    Cell:in->out      fanout   Delay   Delay  Logical Name (Net Name)
    ----------------------------------------  ------------
     FDC:C->Q             18   0.525   1.234  uart_byte_tx_u/uart_state (uart_byte_tx_u/uart_state)
     OBUF:I->O                 2.912          state_led_OBUF (state_led)
    ----------------------------------------
    Total                      4.671ns (3.437ns logic, 1.234ns route)
                                       (73.6% logic, 26.4% route)

=========================================================================

Cross Clock Domains Report:
--------------------------

Clock to Setup on destination clock clk
---------------+---------+---------+---------+---------+
               | Src:Rise| Src:Fall| Src:Rise| Src:Fall|
Source Clock   |Dest:Rise|Dest:Rise|Dest:Fall|Dest:Fall|
---------------+---------+---------+---------+---------+
clk            |    4.550|         |         |         |
---------------+---------+---------+---------+---------+

=========================================================================


Total REAL time to Xst completion: 4.00 secs
Total CPU time to Xst completion: 3.64 secs
 
--> 

Total memory usage is 227372 kilobytes

Number of errors   :    0 (   0 filtered)
Number of warnings :   11 (   0 filtered)
Number of infos    :    2 (   0 filtered)

