Release 14.7 - xst P.20131013 (nt64)
Copyright (c) 1995-2013 Xilinx, Inc.  All rights reserved.
--> Parameter TMPDIR set to xst/projnav.tmp


Total REAL time to Xst completion: 0.00 secs
Total CPU time to Xst completion: 0.10 secs
 
--> Parameter xsthdpdir set to xst


Total REAL time to Xst completion: 0.00 secs
Total CPU time to Xst completion: 0.11 secs
 
--> Reading design: flow_led.prj

TABLE OF CONTENTS
  1) Synthesis Options Summary
  2) HDL Parsing
  3) HDL Elaboration
  4) HDL Synthesis
       4.1) HDL Synthesis Report
  5) Advanced HDL Synthesis
       5.1) Advanced HDL Synthesis Report
  6) Low Level Synthesis
  7) Partition Report
  8) Design Summary
       8.1) Primitive and Black Box Usage
       8.2) Device utilization summary
       8.3) Partition Resource Summary
       8.4) Timing Report
            8.4.1) Clock Information
            8.4.2) Asynchronous Control Signals Information
            8.4.3) Timing Summary
            8.4.4) Timing Details
            8.4.5) Cross Clock Domains Report


=========================================================================
*                      Synthesis Options Summary                        *
=========================================================================
---- Source Parameters
Input File Name                    : "flow_led.prj"
Ignore Synthesis Constraint File   : NO

---- Target Parameters
Output File Name                   : "flow_led"
Output Format                      : NGC
Target Device                      : xc6slx16-2-csg324

---- Source Options
Top Module Name                    : flow_led
Automatic FSM Extraction           : YES
FSM Encoding Algorithm             : Auto
Safe Implementation                : No
FSM Style                          : LUT
RAM Extraction                     : Yes
RAM Style                          : Auto
ROM Extraction                     : Yes
Shift Register Extraction          : YES
ROM Style                          : Auto
Resource Sharing                   : YES
Asynchronous To Synchronous        : NO
Shift Register Minimum Size        : 2
Use DSP Block                      : Auto
Automatic Register Balancing       : No

---- Target Options
LUT Combining                      : Auto
Reduce Control Sets                : Auto
Add IO Buffers                     : YES
Global Maximum Fanout              : 100000
Add Generic Clock Buffer(BUFG)     : 16
Register Duplication               : YES
Optimize Instantiated Primitives   : NO
Use Clock Enable                   : Auto
Use Synchronous Set                : Auto
Use Synchronous Reset              : Auto
Pack IO Registers into IOBs        : Auto
Equivalent register Removal        : YES

---- General Options
Optimization Goal                  : Speed
Optimization Effort                : 1
Power Reduction                    : NO
Keep Hierarchy                     : No
Netlist Hierarchy                  : As_Optimized
RTL Output                         : Yes
Global Optimization                : AllClockNets
Read Cores                         : YES
Write Timing Constraints           : NO
Cross Clock Analysis               : NO
Hierarchy Separator                : /
Bus Delimiter                      : <>
Case Specifier                     : Maintain
Slice Utilization Ratio            : 100
BRAM Utilization Ratio             : 100
DSP48 Utilization Ratio            : 100
Auto BRAM Packing                  : NO
Slice Utilization Ratio Delta      : 5

=========================================================================


=========================================================================
*                          HDL Parsing                                  *
=========================================================================
Analyzing Verilog file "E:\FPGA\my.verilog.learn\flow_led\rtl\flow_led.v" into library work
Parsing module <flow_led>.

=========================================================================
*                            HDL Elaboration                            *
=========================================================================

Elaborating module <flow_led>.

=========================================================================
*                           HDL Synthesis                               *
=========================================================================

Synthesizing Unit <flow_led>.
    Related source file is "E:\FPGA\my.verilog.learn\flow_led\rtl\flow_led.v".
    Found 28-bit register for signal <counter>.
    Found 4-bit register for signal <led>.
    Found 28-bit adder for signal <counter[27]_GND_1_o_add_1_OUT> created at line 35.
    Found 28-bit comparator greater for signal <counter[27]_GND_1_o_LessThan_1_o> created at line 34
    Summary:
	inferred   1 Adder/Subtractor(s).
	inferred  32 D-type flip-flop(s).
	inferred   1 Comparator(s).
	inferred   1 Multiplexer(s).
Unit <flow_led> synthesized.

=========================================================================
HDL Synthesis Report

Macro Statistics
# Adders/Subtractors                                   : 1
 28-bit adder                                          : 1
# Registers                                            : 2
 28-bit register                                       : 1
 4-bit register                                        : 1
# Comparators                                          : 1
 28-bit comparator greater                             : 1
# Multiplexers                                         : 1
 28-bit 2-to-1 multiplexer                             : 1

=========================================================================

=========================================================================
*                       Advanced HDL Synthesis                          *
=========================================================================


Synthesizing (advanced) Unit <flow_led>.
The following registers are absorbed into counter <counter>: 1 register on signal <counter>.
Unit <flow_led> synthesized (advanced).

=========================================================================
Advanced HDL Synthesis Report

Macro Statistics
# Counters                                             : 1
 28-bit up counter                                     : 1
# Registers                                            : 4
 Flip-Flops                                            : 4
# Comparators                                          : 1
 28-bit comparator greater                             : 1

=========================================================================

=========================================================================
*                         Low Level Synthesis                           *
=========================================================================

Optimizing unit <flow_led> ...
WARNING:Xst:1710 - FF/Latch <counter_26> (without init value) has a constant value of 0 in block <flow_led>. This FF/Latch will be trimmed during the optimization process.
WARNING:Xst:1895 - Due to other FF/Latch trimming, FF/Latch <counter_27> (without init value) has a constant value of 0 in block <flow_led>. This FF/Latch will be trimmed during the optimization process.

Mapping all equations...
Building and optimizing final netlist ...
Found area constraint ratio of 100 (+ 5) on block flow_led, actual ratio is 0.

Final Macro Processing ...

=========================================================================
Final Register Report

Macro Statistics
# Registers                                            : 30
 Flip-Flops                                            : 30

=========================================================================

=========================================================================
*                           Partition Report                            *
=========================================================================

Partition Implementation Status
-------------------------------

  No Partitions were found in this design.

-------------------------------

=========================================================================
*                            Design Summary                             *
=========================================================================

Top Level Output File Name         : flow_led.ngc

Primitive and Black Box Usage:
------------------------------
# BELS                             : 98
#      GND                         : 1
#      INV                         : 2
#      LUT3                        : 27
#      LUT4                        : 2
#      LUT5                        : 4
#      LUT6                        : 5
#      MUXCY                       : 30
#      VCC                         : 1
#      XORCY                       : 26
# FlipFlops/Latches                : 30
#      FDC                         : 26
#      FDCE                        : 3
#      FDPE                        : 1
# Clock Buffers                    : 1
#      BUFGP                       : 1
# IO Buffers                       : 5
#      IBUF                        : 1
#      OBUF                        : 4

Device utilization summary:
---------------------------

Selected Device : 6slx16csg324-2 


Slice Logic Utilization: 
 Number of Slice Registers:              30  out of  18224     0%  
 Number of Slice LUTs:                   40  out of   9112     0%  
    Number used as Logic:                40  out of   9112     0%  

Slice Logic Distribution: 
 Number of LUT Flip Flop pairs used:     43
   Number with an unused Flip Flop:      13  out of     43    30%  
   Number with an unused LUT:             3  out of     43     6%  
   Number of fully used LUT-FF pairs:    27  out of     43    62%  
   Number of unique control sets:         2

IO Utilization: 
 Number of IOs:                           6
 Number of bonded IOBs:                   6  out of    232     2%  

Specific Feature Utilization:
 Number of BUFG/BUFGCTRLs:                1  out of     16     6%  

---------------------------
Partition Resource Summary:
---------------------------

  No Partitions were found in this design.

---------------------------


=========================================================================
Timing Report

NOTE: THESE TIMING NUMBERS ARE ONLY A SYNTHESIS ESTIMATE.
      FOR ACCURATE TIMING INFORMATION PLEASE REFER TO THE TRACE REPORT
      GENERATED AFTER PLACE-and-ROUTE.

Clock Information:
------------------
-----------------------------------+------------------------+-------+
Clock Signal                       | Clock buffer(FF name)  | Load  |
-----------------------------------+------------------------+-------+
sys_clk                            | BUFGP                  | 30    |
-----------------------------------+------------------------+-------+

Asynchronous Control Signals Information:
----------------------------------------
No asynchronous control signals found in this design

Timing Summary:
---------------
Speed Grade: -2

   Minimum period: 5.766ns (Maximum Frequency: 173.440MHz)
   Minimum input arrival time before clock: 4.209ns
   Maximum output required time after clock: 4.162ns
   Maximum combinational path delay: No path found

Timing Details:
---------------
All values displayed in nanoseconds (ns)

=========================================================================
Timing constraint: Default period analysis for Clock 'sys_clk'
  Clock period: 5.766ns (frequency: 173.440MHz)
  Total number of paths / destination ports: 11769 / 34
-------------------------------------------------------------------------
Delay:               5.766ns (Levels of Logic = 33)
  Source:            counter_8 (FF)
  Destination:       counter_25 (FF)
  Source Clock:      sys_clk rising
  Destination Clock: sys_clk rising

  Data Path: counter_8 to counter_25
                                Gate     Net
    Cell:in->out      fanout   Delay   Delay  Logical Name (Net Name)
    ----------------------------------------  ------------
     FDC:C->Q              4   0.525   1.234  counter_8 (counter_8)
     LUT5:I0->O            1   0.254   0.000  Mcompar_counter[27]_GND_1_o_LessThan_1_o_lut<0> (Mcompar_counter[27]_GND_1_o_LessThan_1_o_lut<0>)
     MUXCY:S->O            1   0.215   0.000  Mcompar_counter[27]_GND_1_o_LessThan_1_o_cy<0> (Mcompar_counter[27]_GND_1_o_LessThan_1_o_cy<0>)
     MUXCY:CI->O           1   0.023   0.000  Mcompar_counter[27]_GND_1_o_LessThan_1_o_cy<1> (Mcompar_counter[27]_GND_1_o_LessThan_1_o_cy<1>)
     MUXCY:CI->O           1   0.023   0.000  Mcompar_counter[27]_GND_1_o_LessThan_1_o_cy<2> (Mcompar_counter[27]_GND_1_o_LessThan_1_o_cy<2>)
     MUXCY:CI->O           1   0.023   0.000  Mcompar_counter[27]_GND_1_o_LessThan_1_o_cy<3> (Mcompar_counter[27]_GND_1_o_LessThan_1_o_cy<3>)
     MUXCY:CI->O          27   0.235   1.435  Mcompar_counter[27]_GND_1_o_LessThan_1_o_cy<4> (Mcompar_counter[27]_GND_1_o_LessThan_1_o_cy<4>)
     INV:I->O              1   0.255   0.681  Mcompar_counter[27]_GND_1_o_LessThan_1_o_cy<4>_inv1_INV_0 (counter[27]_GND_1_o_LessThan_1_o_inv_inv)
     MUXCY:CI->O           1   0.023   0.000  Mcount_counter_cy<0> (Mcount_counter_cy<0>)
     MUXCY:CI->O           1   0.023   0.000  Mcount_counter_cy<1> (Mcount_counter_cy<1>)
     MUXCY:CI->O           1   0.023   0.000  Mcount_counter_cy<2> (Mcount_counter_cy<2>)
     MUXCY:CI->O           1   0.023   0.000  Mcount_counter_cy<3> (Mcount_counter_cy<3>)
     MUXCY:CI->O           1   0.023   0.000  Mcount_counter_cy<4> (Mcount_counter_cy<4>)
     MUXCY:CI->O           1   0.023   0.000  Mcount_counter_cy<5> (Mcount_counter_cy<5>)
     MUXCY:CI->O           1   0.023   0.000  Mcount_counter_cy<6> (Mcount_counter_cy<6>)
     MUXCY:CI->O           1   0.023   0.000  Mcount_counter_cy<7> (Mcount_counter_cy<7>)
     MUXCY:CI->O           1   0.023   0.000  Mcount_counter_cy<8> (Mcount_counter_cy<8>)
     MUXCY:CI->O           1   0.023   0.000  Mcount_counter_cy<9> (Mcount_counter_cy<9>)
     MUXCY:CI->O           1   0.023   0.000  Mcount_counter_cy<10> (Mcount_counter_cy<10>)
     MUXCY:CI->O           1   0.023   0.000  Mcount_counter_cy<11> (Mcount_counter_cy<11>)
     MUXCY:CI->O           1   0.023   0.000  Mcount_counter_cy<12> (Mcount_counter_cy<12>)
     MUXCY:CI->O           1   0.023   0.000  Mcount_counter_cy<13> (Mcount_counter_cy<13>)
     MUXCY:CI->O           1   0.023   0.000  Mcount_counter_cy<14> (Mcount_counter_cy<14>)
     MUXCY:CI->O           1   0.023   0.000  Mcount_counter_cy<15> (Mcount_counter_cy<15>)
     MUXCY:CI->O           1   0.023   0.000  Mcount_counter_cy<16> (Mcount_counter_cy<16>)
     MUXCY:CI->O           1   0.023   0.000  Mcount_counter_cy<17> (Mcount_counter_cy<17>)
     MUXCY:CI->O           1   0.023   0.000  Mcount_counter_cy<18> (Mcount_counter_cy<18>)
     MUXCY:CI->O           1   0.023   0.000  Mcount_counter_cy<19> (Mcount_counter_cy<19>)
     MUXCY:CI->O           1   0.023   0.000  Mcount_counter_cy<20> (Mcount_counter_cy<20>)
     MUXCY:CI->O           1   0.023   0.000  Mcount_counter_cy<21> (Mcount_counter_cy<21>)
     MUXCY:CI->O           1   0.023   0.000  Mcount_counter_cy<22> (Mcount_counter_cy<22>)
     MUXCY:CI->O           1   0.023   0.000  Mcount_counter_cy<23> (Mcount_counter_cy<23>)
     MUXCY:CI->O           0   0.023   0.000  Mcount_counter_cy<24> (Mcount_counter_cy<24>)
     XORCY:CI->O           1   0.206   0.000  Mcount_counter_xor<25> (Mcount_counter25)
     FDC:D                     0.074          counter_25
    ----------------------------------------
    Total                      5.766ns (2.415ns logic, 3.350ns route)
                                       (41.9% logic, 58.1% route)

=========================================================================
Timing constraint: Default OFFSET IN BEFORE for Clock 'sys_clk'
  Total number of paths / destination ports: 30 / 30
-------------------------------------------------------------------------
Offset:              4.209ns (Levels of Logic = 2)
  Source:            rst_n (PAD)
  Destination:       led_0 (FF)
  Destination Clock: sys_clk rising

  Data Path: rst_n to led_0
                                Gate     Net
    Cell:in->out      fanout   Delay   Delay  Logical Name (Net Name)
    ----------------------------------------  ------------
     IBUF:I->O             1   1.328   0.681  rst_n_IBUF (rst_n_IBUF)
     INV:I->O             30   0.255   1.486  rst_n_inv1_INV_0 (rst_n_inv)
     FDPE:PRE                  0.459          led_0
    ----------------------------------------
    Total                      4.209ns (2.042ns logic, 2.167ns route)
                                       (48.5% logic, 51.5% route)

=========================================================================
Timing constraint: Default OFFSET OUT AFTER for Clock 'sys_clk'
  Total number of paths / destination ports: 4 / 4
-------------------------------------------------------------------------
Offset:              4.162ns (Levels of Logic = 1)
  Source:            led_3 (FF)
  Destination:       led<3> (PAD)
  Source Clock:      sys_clk rising

  Data Path: led_3 to led<3>
                                Gate     Net
    Cell:in->out      fanout   Delay   Delay  Logical Name (Net Name)
    ----------------------------------------  ------------
     FDCE:C->Q             2   0.525   0.725  led_3 (led_3)
     OBUF:I->O                 2.912          led_3_OBUF (led<3>)
    ----------------------------------------
    Total                      4.162ns (3.437ns logic, 0.725ns route)
                                       (82.6% logic, 17.4% route)

=========================================================================

Cross Clock Domains Report:
--------------------------

Clock to Setup on destination clock sys_clk
---------------+---------+---------+---------+---------+
               | Src:Rise| Src:Fall| Src:Rise| Src:Fall|
Source Clock   |Dest:Rise|Dest:Rise|Dest:Fall|Dest:Fall|
---------------+---------+---------+---------+---------+
sys_clk        |    5.766|         |         |         |
---------------+---------+---------+---------+---------+

=========================================================================


Total REAL time to Xst completion: 6.00 secs
Total CPU time to Xst completion: 5.76 secs
 
--> 

Total memory usage is 4485804 kilobytes

Number of errors   :    0 (   0 filtered)
Number of warnings :    2 (   0 filtered)
Number of infos    :    0 (   0 filtered)

