Release 14.7 - xst P.20131013 (nt64)
Copyright (c) 1995-2013 Xilinx, Inc.  All rights reserved.
--> Parameter TMPDIR set to xst/projnav.tmp


Total REAL time to Xst completion: 1.00 secs
Total CPU time to Xst completion: 0.60 secs
 
--> Parameter xsthdpdir set to xst


Total REAL time to Xst completion: 1.00 secs
Total CPU time to Xst completion: 0.60 secs
 
--> Reading design: uart_byte_tx.prj

TABLE OF CONTENTS
  1) Synthesis Options Summary
  2) HDL Parsing
  3) HDL Elaboration
  4) HDL Synthesis
       4.1) HDL Synthesis Report
  5) Advanced HDL Synthesis
       5.1) Advanced HDL Synthesis Report
  6) Low Level Synthesis
  7) Partition Report
  8) Design Summary
       8.1) Primitive and Black Box Usage
       8.2) Device utilization summary
       8.3) Partition Resource Summary
       8.4) Timing Report
            8.4.1) Clock Information
            8.4.2) Asynchronous Control Signals Information
            8.4.3) Timing Summary
            8.4.4) Timing Details
            8.4.5) Cross Clock Domains Report


=========================================================================
*                      Synthesis Options Summary                        *
=========================================================================
---- Source Parameters
Input File Name                    : "uart_byte_tx.prj"
Ignore Synthesis Constraint File   : NO

---- Target Parameters
Output File Name                   : "uart_byte_tx"
Output Format                      : NGC
Target Device                      : xc6slx16-2-csg324

---- Source Options
Top Module Name                    : uart_byte_tx
Automatic FSM Extraction           : YES
FSM Encoding Algorithm             : Auto
Safe Implementation                : No
FSM Style                          : LUT
RAM Extraction                     : Yes
RAM Style                          : Auto
ROM Extraction                     : Yes
Shift Register Extraction          : YES
ROM Style                          : Auto
Resource Sharing                   : YES
Asynchronous To Synchronous        : NO
Shift Register Minimum Size        : 2
Use DSP Block                      : Auto
Automatic Register Balancing       : No

---- Target Options
LUT Combining                      : Auto
Reduce Control Sets                : Auto
Add IO Buffers                     : YES
Global Maximum Fanout              : 100000
Add Generic Clock Buffer(BUFG)     : 16
Register Duplication               : YES
Optimize Instantiated Primitives   : NO
Use Clock Enable                   : Auto
Use Synchronous Set                : Auto
Use Synchronous Reset              : Auto
Pack IO Registers into IOBs        : Auto
Equivalent register Removal        : YES

---- General Options
Optimization Goal                  : Speed
Optimization Effort                : 1
Power Reduction                    : NO
Keep Hierarchy                     : No
Netlist Hierarchy                  : As_Optimized
RTL Output                         : Yes
Global Optimization                : AllClockNets
Read Cores                         : YES
Write Timing Constraints           : NO
Cross Clock Analysis               : NO
Hierarchy Separator                : /
Bus Delimiter                      : <>
Case Specifier                     : Maintain
Slice Utilization Ratio            : 100
BRAM Utilization Ratio             : 100
DSP48 Utilization Ratio            : 100
Auto BRAM Packing                  : NO
Slice Utilization Ratio Delta      : 5

=========================================================================


=========================================================================
*                          HDL Parsing                                  *
=========================================================================
Analyzing Verilog file "E:\FPGA\my.verilog.learn\a_uart_tx\rtl\uart_byte_tx.v" into library work
Parsing module <uart_byte_tx>.

=========================================================================
*                            HDL Elaboration                            *
=========================================================================

Elaborating module <uart_byte_tx>.

=========================================================================
*                           HDL Synthesis                               *
=========================================================================

Synthesizing Unit <uart_byte_tx>.
    Related source file is "E:\FPGA\my.verilog.learn\a_uart_tx\rtl\uart_byte_tx.v".
    Found 1-bit register for signal <tx>.
    Found 8-bit register for signal <r_data_byte>.
    Found 16-bit register for signal <div_cnt>.
    Found 4-bit register for signal <bps_cnt>.
    Found 16-bit register for signal <bps_DR>.
    Found 1-bit register for signal <bps_clk>.
    Found 1-bit register for signal <tx_done>.
    Found 1-bit register for signal <uart_state>.
    Found 16-bit adder for signal <div_cnt[15]_GND_1_o_add_6_OUT> created at line 78.
    Found 4-bit adder for signal <bps_cnt[3]_GND_1_o_add_12_OUT> created at line 99.
    Found 8x16-bit Read Only RAM for signal <baud_set[2]_GND_1_o_wide_mux_3_OUT>
    Found 1-bit 12-to-1 multiplexer for signal <bps_cnt[3]_PWR_1_o_Mux_17_o> created at line 115.
    Found 16-bit comparator equal for signal <div_cnt[15]_bps_DR[15]_equal_6_o> created at line 75
    Summary:
	inferred   1 RAM(s).
	inferred   2 Adder/Subtractor(s).
	inferred  48 D-type flip-flop(s).
	inferred   1 Comparator(s).
	inferred   4 Multiplexer(s).
Unit <uart_byte_tx> synthesized.

=========================================================================
HDL Synthesis Report

Macro Statistics
# RAMs                                                 : 1
 8x16-bit single-port Read Only RAM                    : 1
# Adders/Subtractors                                   : 2
 16-bit adder                                          : 1
 4-bit adder                                           : 1
# Registers                                            : 8
 1-bit register                                        : 4
 16-bit register                                       : 2
 4-bit register                                        : 1
 8-bit register                                        : 1
# Comparators                                          : 1
 16-bit comparator equal                               : 1
# Multiplexers                                         : 4
 1-bit 12-to-1 multiplexer                             : 1
 16-bit 2-to-1 multiplexer                             : 2
 4-bit 2-to-1 multiplexer                              : 1

=========================================================================

=========================================================================
*                       Advanced HDL Synthesis                          *
=========================================================================


Synthesizing (advanced) Unit <uart_byte_tx>.
The following registers are absorbed into counter <bps_cnt>: 1 register on signal <bps_cnt>.
INFO:Xst:3217 - HDL ADVISOR - Register <bps_DR> currently described with an asynchronous reset, could be combined with distributed RAM <Mram_baud_set[2]_GND_1_o_wide_mux_3_OUT> for implementation on block RAM resources if you made this reset synchronous instead.
    -----------------------------------------------------------------------
    | ram_type           | Distributed                         |          |
    -----------------------------------------------------------------------
    | Port A                                                              |
    |     aspect ratio   | 8-word x 16-bit                     |          |
    |     weA            | connected to signal <GND>           | high     |
    |     addrA          | connected to signal <baud_set>      |          |
    |     diA            | connected to signal <GND>           |          |
    |     doA            | connected to internal node          |          |
    -----------------------------------------------------------------------
Unit <uart_byte_tx> synthesized (advanced).

=========================================================================
Advanced HDL Synthesis Report

Macro Statistics
# RAMs                                                 : 1
 8x16-bit single-port distributed Read Only RAM        : 1
# Adders/Subtractors                                   : 1
 16-bit adder                                          : 1
# Counters                                             : 1
 4-bit up counter                                      : 1
# Registers                                            : 44
 Flip-Flops                                            : 44
# Comparators                                          : 1
 16-bit comparator equal                               : 1
# Multiplexers                                         : 3
 1-bit 12-to-1 multiplexer                             : 1
 16-bit 2-to-1 multiplexer                             : 2

=========================================================================

=========================================================================
*                         Low Level Synthesis                           *
=========================================================================
WARNING:Xst:1710 - FF/Latch <bps_DR_0> (without init value) has a constant value of 1 in block <uart_byte_tx>. This FF/Latch will be trimmed during the optimization process.
WARNING:Xst:1895 - Due to other FF/Latch trimming, FF/Latch <bps_DR_13> (without init value) has a constant value of 0 in block <uart_byte_tx>. This FF/Latch will be trimmed during the optimization process.
WARNING:Xst:1895 - Due to other FF/Latch trimming, FF/Latch <bps_DR_14> (without init value) has a constant value of 0 in block <uart_byte_tx>. This FF/Latch will be trimmed during the optimization process.
WARNING:Xst:1895 - Due to other FF/Latch trimming, FF/Latch <bps_DR_15> (without init value) has a constant value of 0 in block <uart_byte_tx>. This FF/Latch will be trimmed during the optimization process.
INFO:Xst:2261 - The FF/Latch <bps_DR_3> in Unit <uart_byte_tx> is equivalent to the following FF/Latch, which will be removed : <bps_DR_11> 
INFO:Xst:2261 - The FF/Latch <bps_DR_2> in Unit <uart_byte_tx> is equivalent to the following FF/Latch, which will be removed : <bps_DR_10> 

Optimizing unit <uart_byte_tx> ...
INFO:Xst:3203 - The FF/Latch <bps_DR_2> in Unit <uart_byte_tx> is the opposite to the following FF/Latch, which will be removed : <bps_DR_5> 
INFO:Xst:3203 - The FF/Latch <bps_DR_4> in Unit <uart_byte_tx> is the opposite to the following FF/Latch, which will be removed : <bps_DR_9> 

Mapping all equations...
Building and optimizing final netlist ...
Found area constraint ratio of 100 (+ 5) on block uart_byte_tx, actual ratio is 0.

Final Macro Processing ...

=========================================================================
Final Register Report

Macro Statistics
# Registers                                            : 40
 Flip-Flops                                            : 40

=========================================================================

=========================================================================
*                           Partition Report                            *
=========================================================================

Partition Implementation Status
-------------------------------

  No Partitions were found in this design.

-------------------------------

=========================================================================
*                            Design Summary                             *
=========================================================================

Top Level Output File Name         : uart_byte_tx.ngc

Primitive and Black Box Usage:
------------------------------
# BELS                             : 100
#      GND                         : 1
#      INV                         : 3
#      LUT1                        : 15
#      LUT2                        : 3
#      LUT3                        : 23
#      LUT4                        : 3
#      LUT5                        : 4
#      LUT6                        : 9
#      MUXCY                       : 21
#      MUXF7                       : 1
#      VCC                         : 1
#      XORCY                       : 16
# FlipFlops/Latches                : 40
#      FDC                         : 22
#      FDCE                        : 12
#      FDP                         : 6
# Clock Buffers                    : 1
#      BUFGP                       : 1
# IO Buffers                       : 16
#      IBUF                        : 13
#      OBUF                        : 3

Device utilization summary:
---------------------------

Selected Device : 6slx16csg324-2 


Slice Logic Utilization: 
 Number of Slice Registers:              40  out of  18224     0%  
 Number of Slice LUTs:                   60  out of   9112     0%  
    Number used as Logic:                60  out of   9112     0%  

Slice Logic Distribution: 
 Number of LUT Flip Flop pairs used:     68
   Number with an unused Flip Flop:      28  out of     68    41%  
   Number with an unused LUT:             8  out of     68    11%  
   Number of fully used LUT-FF pairs:    32  out of     68    47%  
   Number of unique control sets:         3

IO Utilization: 
 Number of IOs:                          17
 Number of bonded IOBs:                  17  out of    232     7%  

Specific Feature Utilization:
 Number of BUFG/BUFGCTRLs:                1  out of     16     6%  

---------------------------
Partition Resource Summary:
---------------------------

  No Partitions were found in this design.

---------------------------


=========================================================================
Timing Report

NOTE: THESE TIMING NUMBERS ARE ONLY A SYNTHESIS ESTIMATE.
      FOR ACCURATE TIMING INFORMATION PLEASE REFER TO THE TRACE REPORT
      GENERATED AFTER PLACE-and-ROUTE.

Clock Information:
------------------
-----------------------------------+------------------------+-------+
Clock Signal                       | Clock buffer(FF name)  | Load  |
-----------------------------------+------------------------+-------+
clk                                | BUFGP                  | 40    |
-----------------------------------+------------------------+-------+

Asynchronous Control Signals Information:
----------------------------------------
No asynchronous control signals found in this design

Timing Summary:
---------------
Speed Grade: -2

   Minimum period: 4.160ns (Maximum Frequency: 240.385MHz)
   Minimum input arrival time before clock: 4.376ns
   Maximum output required time after clock: 4.671ns
   Maximum combinational path delay: No path found

Timing Details:
---------------
All values displayed in nanoseconds (ns)

=========================================================================
Timing constraint: Default period analysis for Clock 'clk'
  Clock period: 4.160ns (frequency: 240.385MHz)
  Total number of paths / destination ports: 681 / 28
-------------------------------------------------------------------------
Delay:               4.160ns (Levels of Logic = 4)
  Source:            r_data_byte_3 (FF)
  Destination:       tx (FF)
  Source Clock:      clk rising
  Destination Clock: clk rising

  Data Path: r_data_byte_3 to tx
                                Gate     Net
    Cell:in->out      fanout   Delay   Delay  Logical Name (Net Name)
    ----------------------------------------  ------------
     FDCE:C->Q             1   0.525   1.112  r_data_byte_3 (r_data_byte_3)
     LUT5:I0->O            1   0.254   0.682  Mmux_bps_cnt[3]_PWR_1_o_Mux_17_o24 (Mmux_bps_cnt[3]_PWR_1_o_Mux_17_o23)
     LUT3:I2->O            2   0.254   0.834  Mmux_bps_cnt[3]_PWR_1_o_Mux_17_o26_SW0 (N0)
     LUT6:I4->O            1   0.250   0.000  Mmux_bps_cnt[3]_PWR_1_o_Mux_17_o26_G (N3)
     MUXF7:I1->O           1   0.175   0.000  Mmux_bps_cnt[3]_PWR_1_o_Mux_17_o26 (bps_cnt[3]_PWR_1_o_Mux_17_o)
     FDP:D                     0.074          tx
    ----------------------------------------
    Total                      4.160ns (1.532ns logic, 2.628ns route)
                                       (36.8% logic, 63.2% route)

=========================================================================
Timing constraint: Default OFFSET IN BEFORE for Clock 'clk'
  Total number of paths / destination ports: 80 / 65
-------------------------------------------------------------------------
Offset:              4.376ns (Levels of Logic = 2)
  Source:            rst_n (PAD)
  Destination:       r_data_byte_0 (FF)
  Destination Clock: clk rising

  Data Path: rst_n to r_data_byte_0
                                Gate     Net
    Cell:in->out      fanout   Delay   Delay  Logical Name (Net Name)
    ----------------------------------------  ------------
     IBUF:I->O             1   1.328   0.681  rst_n_IBUF (rst_n_IBUF)
     INV:I->O             40   0.255   1.653  rst_n_inv1_INV_0 (rst_n_inv)
     FDCE:CLR                  0.459          r_data_byte_0
    ----------------------------------------
    Total                      4.376ns (2.042ns logic, 2.334ns route)
                                       (46.7% logic, 53.3% route)

=========================================================================
Timing constraint: Default OFFSET OUT AFTER for Clock 'clk'
  Total number of paths / destination ports: 3 / 3
-------------------------------------------------------------------------
Offset:              4.671ns (Levels of Logic = 1)
  Source:            uart_state (FF)
  Destination:       uart_state (PAD)
  Source Clock:      clk rising

  Data Path: uart_state to uart_state
                                Gate     Net
    Cell:in->out      fanout   Delay   Delay  Logical Name (Net Name)
    ----------------------------------------  ------------
     FDC:C->Q             18   0.525   1.234  uart_state (uart_state_OBUF)
     OBUF:I->O                 2.912          uart_state_OBUF (uart_state)
    ----------------------------------------
    Total                      4.671ns (3.437ns logic, 1.234ns route)
                                       (73.6% logic, 26.4% route)

=========================================================================

Cross Clock Domains Report:
--------------------------

Clock to Setup on destination clock clk
---------------+---------+---------+---------+---------+
               | Src:Rise| Src:Fall| Src:Rise| Src:Fall|
Source Clock   |Dest:Rise|Dest:Rise|Dest:Fall|Dest:Fall|
---------------+---------+---------+---------+---------+
clk            |    4.160|         |         |         |
---------------+---------+---------+---------+---------+

=========================================================================


Total REAL time to Xst completion: 14.00 secs
Total CPU time to Xst completion: 13.22 secs
 
--> 

Total memory usage is 4485816 kilobytes

Number of errors   :    0 (   0 filtered)
Number of warnings :    4 (   0 filtered)
Number of infos    :    5 (   0 filtered)

