Release 14.7 - xst P.20131013 (nt)
Copyright (c) 1995-2013 Xilinx, Inc.  All rights reserved.
--> Parameter TMPDIR set to xst/projnav.tmp


Total REAL time to Xst completion: 0.00 secs
Total CPU time to Xst completion: 0.08 secs
 
--> Parameter xsthdpdir set to xst


Total REAL time to Xst completion: 0.00 secs
Total CPU time to Xst completion: 0.08 secs
 
--> Reading design: ram_top.prj

TABLE OF CONTENTS
  1) Synthesis Options Summary
  2) HDL Parsing
  3) HDL Elaboration
  4) HDL Synthesis
       4.1) HDL Synthesis Report
  5) Advanced HDL Synthesis
       5.1) Advanced HDL Synthesis Report
  6) Low Level Synthesis
  7) Partition Report
  8) Design Summary
       8.1) Primitive and Black Box Usage
       8.2) Device utilization summary
       8.3) Partition Resource Summary
       8.4) Timing Report
            8.4.1) Clock Information
            8.4.2) Asynchronous Control Signals Information
            8.4.3) Timing Summary
            8.4.4) Timing Details
            8.4.5) Cross Clock Domains Report


=========================================================================
*                      Synthesis Options Summary                        *
=========================================================================
---- Source Parameters
Input File Name                    : "ram_top.prj"
Ignore Synthesis Constraint File   : NO

---- Target Parameters
Output File Name                   : "ram_top"
Output Format                      : NGC
Target Device                      : xc6slx16-2-csg324

---- Source Options
Top Module Name                    : ram_top
Automatic FSM Extraction           : YES
FSM Encoding Algorithm             : Auto
Safe Implementation                : No
FSM Style                          : LUT
RAM Extraction                     : Yes
RAM Style                          : Auto
ROM Extraction                     : Yes
Shift Register Extraction          : YES
ROM Style                          : Auto
Resource Sharing                   : YES
Asynchronous To Synchronous        : NO
Shift Register Minimum Size        : 2
Use DSP Block                      : Auto
Automatic Register Balancing       : No

---- Target Options
LUT Combining                      : Auto
Reduce Control Sets                : Auto
Add IO Buffers                     : YES
Global Maximum Fanout              : 100000
Add Generic Clock Buffer(BUFG)     : 16
Register Duplication               : YES
Optimize Instantiated Primitives   : NO
Use Clock Enable                   : Auto
Use Synchronous Set                : Auto
Use Synchronous Reset              : Auto
Pack IO Registers into IOBs        : Auto
Equivalent register Removal        : YES

---- General Options
Optimization Goal                  : Speed
Optimization Effort                : 1
Power Reduction                    : NO
Keep Hierarchy                     : No
Netlist Hierarchy                  : As_Optimized
RTL Output                         : Yes
Global Optimization                : AllClockNets
Read Cores                         : YES
Write Timing Constraints           : NO
Cross Clock Analysis               : NO
Hierarchy Separator                : /
Bus Delimiter                      : <>
Case Specifier                     : Maintain
Slice Utilization Ratio            : 100
BRAM Utilization Ratio             : 100
DSP48 Utilization Ratio            : 100
Auto BRAM Packing                  : NO
Slice Utilization Ratio Delta      : 5

---- Other Options
Cores Search Directories           : {"ipcore_dir"  }

=========================================================================


=========================================================================
*                          HDL Parsing                                  *
=========================================================================
Analyzing Verilog file "E:\FPGA\my.verilog.learn\ram.ver2\rtl\uart_byte_tx.v" into library work
Parsing module <uart_byte_tx>.
Analyzing Verilog file "E:\FPGA\my.verilog.learn\ram.ver2\rtl\ram_ctrl.v" into library work
Parsing module <ram_ctrl>.
Analyzing Verilog file "E:\FPGA\my.verilog.learn\ram.ver2\prj\ram256x8\ipcore_dir\ram_256x8.v" into library work
Parsing module <ram_256x8>.
Analyzing Verilog file "E:\FPGA\my.verilog.learn\ram.ver2\rtl\ram_top.v" into library work
Parsing module <ram_top>.

=========================================================================
*                            HDL Elaboration                            *
=========================================================================

Elaborating module <ram_top>.

Elaborating module <ram_256x8>.
WARNING:HDLCompiler:1499 - "E:\FPGA\my.verilog.learn\ram.ver2\prj\ram256x8\ipcore_dir\ram_256x8.v" Line 39: Empty module <ram_256x8> remains a black box.

Elaborating module <ram_ctrl>.

Elaborating module <uart_byte_tx>.

=========================================================================
*                           HDL Synthesis                               *
=========================================================================

Synthesizing Unit <ram_top>.
    Related source file is "E:\FPGA\my.verilog.learn\ram.ver2\rtl\ram_top.v".
    Summary:
	no macro.
Unit <ram_top> synthesized.

Synthesizing Unit <ram_ctrl>.
    Related source file is "E:\FPGA\my.verilog.learn\ram.ver2\rtl\ram_ctrl.v".
        cnt_max = 9999
    Found 8-bit register for signal <addr>.
    Found 24-bit register for signal <cnt_20ms>.
    Found 1-bit register for signal <rd_flag>.
    Found 1-bit register for signal <w_en>.
    Found 8-bit adder for signal <addr[7]_GND_3_o_add_3_OUT> created at line 68.
    Found 24-bit adder for signal <cnt_20ms[23]_GND_3_o_add_12_OUT> created at line 88.
    Summary:
	inferred   2 Adder/Subtractor(s).
	inferred  34 D-type flip-flop(s).
	inferred   3 Multiplexer(s).
Unit <ram_ctrl> synthesized.

Synthesizing Unit <uart_byte_tx>.
    Related source file is "E:\FPGA\my.verilog.learn\ram.ver2\rtl\uart_byte_tx.v".
    Found 1-bit register for signal <tx>.
    Found 8-bit register for signal <r_data_byte>.
    Found 16-bit register for signal <div_cnt>.
    Found 4-bit register for signal <bps_cnt>.
    Found 1-bit register for signal <bps_clk>.
    Found 1-bit register for signal <tx_done>.
    Found 1-bit register for signal <uart_state>.
    Found 16-bit adder for signal <div_cnt[15]_GND_4_o_add_6_OUT> created at line 78.
    Found 4-bit adder for signal <bps_cnt[3]_GND_4_o_add_12_OUT> created at line 99.
    Found 1-bit 12-to-1 multiplexer for signal <bps_cnt[3]_PWR_4_o_Mux_17_o> created at line 115.
    WARNING:Xst:2404 -  FFs/Latches <bps_DR<15:13>> (without init value) have a constant value of 0 in block <uart_byte_tx>.
    WARNING:Xst:2404 -  FFs/Latches <bps_DR<13:13>> (without init value) have a constant value of 1 in block <uart_byte_tx>.
    WARNING:Xst:2404 -  FFs/Latches <bps_DR<13:13>> (without init value) have a constant value of 0 in block <uart_byte_tx>.
    WARNING:Xst:2404 -  FFs/Latches <bps_DR<13:13>> (without init value) have a constant value of 1 in block <uart_byte_tx>.
    WARNING:Xst:2404 -  FFs/Latches <bps_DR<13:11>> (without init value) have a constant value of 0 in block <uart_byte_tx>.
    WARNING:Xst:2404 -  FFs/Latches <bps_DR<11:11>> (without init value) have a constant value of 1 in block <uart_byte_tx>.
    WARNING:Xst:2404 -  FFs/Latches <bps_DR<11:11>> (without init value) have a constant value of 0 in block <uart_byte_tx>.
    WARNING:Xst:2404 -  FFs/Latches <bps_DR<11:11>> (without init value) have a constant value of 1 in block <uart_byte_tx>.
    WARNING:Xst:2404 -  FFs/Latches <bps_DR<11:11>> (without init value) have a constant value of 0 in block <uart_byte_tx>.
    WARNING:Xst:2404 -  FFs/Latches <bps_DR<11:9>> (without init value) have a constant value of 1 in block <uart_byte_tx>.
    Summary:
	inferred   2 Adder/Subtractor(s).
	inferred  32 D-type flip-flop(s).
	inferred   4 Multiplexer(s).
Unit <uart_byte_tx> synthesized.

=========================================================================
HDL Synthesis Report

Macro Statistics
# Adders/Subtractors                                   : 4
 16-bit adder                                          : 1
 24-bit adder                                          : 1
 4-bit adder                                           : 1
 8-bit adder                                           : 1
# Registers                                            : 11
 1-bit register                                        : 6
 16-bit register                                       : 1
 24-bit register                                       : 1
 4-bit register                                        : 1
 8-bit register                                        : 2
# Multiplexers                                         : 7
 1-bit 12-to-1 multiplexer                             : 1
 16-bit 2-to-1 multiplexer                             : 2
 24-bit 2-to-1 multiplexer                             : 1
 4-bit 2-to-1 multiplexer                              : 1
 8-bit 2-to-1 multiplexer                              : 2

=========================================================================

=========================================================================
*                       Advanced HDL Synthesis                          *
=========================================================================

Reading core <ipcore_dir/ram_256x8.ngc>.
Loading core <ram_256x8> for timing and area information for instance <ram256x8_u>.

Synthesizing (advanced) Unit <ram_ctrl>.
The following registers are absorbed into counter <cnt_20ms>: 1 register on signal <cnt_20ms>.
The following registers are absorbed into counter <addr>: 1 register on signal <addr>.
Unit <ram_ctrl> synthesized (advanced).

Synthesizing (advanced) Unit <uart_byte_tx>.
The following registers are absorbed into counter <bps_cnt>: 1 register on signal <bps_cnt>.
Unit <uart_byte_tx> synthesized (advanced).

=========================================================================
Advanced HDL Synthesis Report

Macro Statistics
# Adders/Subtractors                                   : 1
 16-bit adder                                          : 1
# Counters                                             : 3
 24-bit up counter                                     : 1
 4-bit up counter                                      : 1
 8-bit up counter                                      : 1
# Registers                                            : 30
 Flip-Flops                                            : 30
# Multiplexers                                         : 4
 1-bit 12-to-1 multiplexer                             : 1
 16-bit 2-to-1 multiplexer                             : 2
 8-bit 2-to-1 multiplexer                              : 1

=========================================================================

=========================================================================
*                         Low Level Synthesis                           *
=========================================================================

Optimizing unit <ram_top> ...

Optimizing unit <ram_ctrl> ...

Optimizing unit <uart_byte_tx> ...

Mapping all equations...
Building and optimizing final netlist ...
Found area constraint ratio of 100 (+ 5) on block ram_top, actual ratio is 1.

Final Macro Processing ...

=========================================================================
Final Register Report

Macro Statistics
# Registers                                            : 66
 Flip-Flops                                            : 66

=========================================================================

=========================================================================
*                           Partition Report                            *
=========================================================================

Partition Implementation Status
-------------------------------

  No Partitions were found in this design.

-------------------------------

=========================================================================
*                            Design Summary                             *
=========================================================================

Top Level Output File Name         : ram_top.ngc

Primitive and Black Box Usage:
------------------------------
# BELS                             : 211
#      GND                         : 2
#      INV                         : 4
#      LUT1                        : 22
#      LUT2                        : 36
#      LUT3                        : 19
#      LUT4                        : 3
#      LUT5                        : 6
#      LUT6                        : 22
#      MUXCY                       : 45
#      MUXF7                       : 2
#      VCC                         : 2
#      XORCY                       : 48
# FlipFlops/Latches                : 66
#      FDC                         : 50
#      FDCE                        : 15
#      FDP                         : 1
# RAMS                             : 1
#      RAMB8BWER                   : 1
# Clock Buffers                    : 1
#      BUFGP                       : 1
# IO Buffers                       : 6
#      IBUF                        : 3
#      OBUF                        : 3

Device utilization summary:
---------------------------

Selected Device : 6slx16csg324-2 


Slice Logic Utilization: 
 Number of Slice Registers:              66  out of  18224     0%  
 Number of Slice LUTs:                  112  out of   9112     1%  
    Number used as Logic:               112  out of   9112     1%  

Slice Logic Distribution: 
 Number of LUT Flip Flop pairs used:    119
   Number with an unused Flip Flop:      53  out of    119    44%  
   Number with an unused LUT:             7  out of    119     5%  
   Number of fully used LUT-FF pairs:    59  out of    119    49%  
   Number of unique control sets:         4

IO Utilization: 
 Number of IOs:                           7
 Number of bonded IOBs:                   7  out of    232     3%  

Specific Feature Utilization:
 Number of Block RAM/FIFO:                1  out of     32     3%  
    Number using Block RAM only:          1
 Number of BUFG/BUFGCTRLs:                1  out of     16     6%  

---------------------------
Partition Resource Summary:
---------------------------

  No Partitions were found in this design.

---------------------------


=========================================================================
Timing Report

NOTE: THESE TIMING NUMBERS ARE ONLY A SYNTHESIS ESTIMATE.
      FOR ACCURATE TIMING INFORMATION PLEASE REFER TO THE TRACE REPORT
      GENERATED AFTER PLACE-and-ROUTE.

Clock Information:
------------------
-----------------------------------+------------------------+-------+
Clock Signal                       | Clock buffer(FF name)  | Load  |
-----------------------------------+------------------------+-------+
clk                                | BUFGP                  | 67    |
-----------------------------------+------------------------+-------+

Asynchronous Control Signals Information:
----------------------------------------
No asynchronous control signals found in this design

Timing Summary:
---------------
Speed Grade: -2

   Minimum period: 5.491ns (Maximum Frequency: 182.116MHz)
   Minimum input arrival time before clock: 4.667ns
   Maximum output required time after clock: 4.671ns
   Maximum combinational path delay: No path found

Timing Details:
---------------
All values displayed in nanoseconds (ns)

=========================================================================
Timing constraint: Default period analysis for Clock 'clk'
  Clock period: 5.491ns (frequency: 182.116MHz)
  Total number of paths / destination ports: 1540 / 101
-------------------------------------------------------------------------
Delay:               5.491ns (Levels of Logic = 3)
  Source:            ram_ctrl_u/cnt_20ms_19 (FF)
  Destination:       ram_ctrl_u/addr_3 (FF)
  Source Clock:      clk rising
  Destination Clock: clk rising

  Data Path: ram_ctrl_u/cnt_20ms_19 to ram_ctrl_u/addr_3
                                Gate     Net
    Cell:in->out      fanout   Delay   Delay  Logical Name (Net Name)
    ----------------------------------------  ------------
     FDC:C->Q              2   0.525   1.181  ram_ctrl_u/cnt_20ms_19 (ram_ctrl_u/cnt_20ms_19)
     LUT6:I0->O            4   0.254   1.080  ram_ctrl_u/w_en_GND_3_o_OR_40_o4 (ram_ctrl_u/w_en_GND_3_o_OR_40_o4)
     LUT5:I1->O            6   0.254   0.876  ram_ctrl_u/w_en_GND_3_o_OR_40_o5 (ram_ctrl_u/w_en_GND_3_o_OR_40_o)
     LUT6:I5->O            3   0.254   0.765  ram_ctrl_u/_n0042_inv (ram_ctrl_u/_n0042_inv)
     FDCE:CE                   0.302          ram_ctrl_u/addr_3
    ----------------------------------------
    Total                      5.491ns (1.589ns logic, 3.902ns route)
                                       (28.9% logic, 71.1% route)

=========================================================================
Timing constraint: Default OFFSET IN BEFORE for Clock 'clk'
  Total number of paths / destination ports: 89 / 85
-------------------------------------------------------------------------
Offset:              4.667ns (Levels of Logic = 2)
  Source:            rst_n (PAD)
  Destination:       ram_ctrl_u/cnt_20ms_23 (FF)
  Destination Clock: clk rising

  Data Path: rst_n to ram_ctrl_u/cnt_20ms_23
                                Gate     Net
    Cell:in->out      fanout   Delay   Delay  Logical Name (Net Name)
    ----------------------------------------  ------------
     IBUF:I->O             1   1.328   0.681  rst_n_IBUF (rst_n_IBUF)
     INV:I->O             66   0.255   1.944  ram_ctrl_u/rst_n_inv1_INV_0 (ram_ctrl_u/rst_n_inv)
     FDC:CLR                   0.459          ram_ctrl_u/cnt_20ms_0
    ----------------------------------------
    Total                      4.667ns (2.042ns logic, 2.625ns route)
                                       (43.8% logic, 56.2% route)

=========================================================================
Timing constraint: Default OFFSET OUT AFTER for Clock 'clk'
  Total number of paths / destination ports: 3 / 3
-------------------------------------------------------------------------
Offset:              4.671ns (Levels of Logic = 1)
  Source:            uart_byte_tx_u/uart_state (FF)
  Destination:       state_led (PAD)
  Source Clock:      clk rising

  Data Path: uart_byte_tx_u/uart_state to state_led
                                Gate     Net
    Cell:in->out      fanout   Delay   Delay  Logical Name (Net Name)
    ----------------------------------------  ------------
     FDC:C->Q             18   0.525   1.234  uart_byte_tx_u/uart_state (uart_byte_tx_u/uart_state)
     OBUF:I->O                 2.912          state_led_OBUF (state_led)
    ----------------------------------------
    Total                      4.671ns (3.437ns logic, 1.234ns route)
                                       (73.6% logic, 26.4% route)

=========================================================================

Cross Clock Domains Report:
--------------------------

Clock to Setup on destination clock clk
---------------+---------+---------+---------+---------+
               | Src:Rise| Src:Fall| Src:Rise| Src:Fall|
Source Clock   |Dest:Rise|Dest:Rise|Dest:Fall|Dest:Fall|
---------------+---------+---------+---------+---------+
clk            |    5.491|         |         |         |
---------------+---------+---------+---------+---------+

=========================================================================


Total REAL time to Xst completion: 3.00 secs
Total CPU time to Xst completion: 3.55 secs
 
--> 

Total memory usage is 226352 kilobytes

Number of errors   :    0 (   0 filtered)
Number of warnings :   11 (   0 filtered)
Number of infos    :    0 (   0 filtered)

