Release 14.7 - xst P.20131013 (nt)
Copyright (c) 1995-2013 Xilinx, Inc.  All rights reserved.
--> Parameter TMPDIR set to xst/projnav.tmp


Total REAL time to Xst completion: 1.00 secs
Total CPU time to Xst completion: 0.08 secs
 
--> Parameter xsthdpdir set to xst


Total REAL time to Xst completion: 1.00 secs
Total CPU time to Xst completion: 0.08 secs
 
--> Reading design: dds_wave.prj

TABLE OF CONTENTS
  1) Synthesis Options Summary
  2) HDL Parsing
  3) HDL Elaboration
  4) HDL Synthesis
       4.1) HDL Synthesis Report
  5) Advanced HDL Synthesis
       5.1) Advanced HDL Synthesis Report
  6) Low Level Synthesis
  7) Partition Report
  8) Design Summary
       8.1) Primitive and Black Box Usage
       8.2) Device utilization summary
       8.3) Partition Resource Summary
       8.4) Timing Report
            8.4.1) Clock Information
            8.4.2) Asynchronous Control Signals Information
            8.4.3) Timing Summary
            8.4.4) Timing Details
            8.4.5) Cross Clock Domains Report


=========================================================================
*                      Synthesis Options Summary                        *
=========================================================================
---- Source Parameters
Input File Name                    : "dds_wave.prj"
Ignore Synthesis Constraint File   : NO

---- Target Parameters
Output File Name                   : "dds_wave"
Output Format                      : NGC
Target Device                      : xc6slx16-2-csg324

---- Source Options
Top Module Name                    : dds_wave
Automatic FSM Extraction           : YES
FSM Encoding Algorithm             : Auto
Safe Implementation                : No
FSM Style                          : LUT
RAM Extraction                     : Yes
RAM Style                          : Auto
ROM Extraction                     : Yes
Shift Register Extraction          : YES
ROM Style                          : Auto
Resource Sharing                   : YES
Asynchronous To Synchronous        : NO
Shift Register Minimum Size        : 2
Use DSP Block                      : Auto
Automatic Register Balancing       : No

---- Target Options
LUT Combining                      : Auto
Reduce Control Sets                : Auto
Add IO Buffers                     : YES
Global Maximum Fanout              : 100000
Add Generic Clock Buffer(BUFG)     : 16
Register Duplication               : YES
Optimize Instantiated Primitives   : NO
Use Clock Enable                   : Auto
Use Synchronous Set                : Auto
Use Synchronous Reset              : Auto
Pack IO Registers into IOBs        : Auto
Equivalent register Removal        : YES

---- General Options
Optimization Goal                  : Speed
Optimization Effort                : 1
Power Reduction                    : NO
Keep Hierarchy                     : No
Netlist Hierarchy                  : As_Optimized
RTL Output                         : Yes
Global Optimization                : AllClockNets
Read Cores                         : YES
Write Timing Constraints           : NO
Cross Clock Analysis               : NO
Hierarchy Separator                : /
Bus Delimiter                      : <>
Case Specifier                     : Maintain
Slice Utilization Ratio            : 100
BRAM Utilization Ratio             : 100
DSP48 Utilization Ratio            : 100
Auto BRAM Packing                  : NO
Slice Utilization Ratio Delta      : 5

---- Other Options
Cores Search Directories           : {"ipcore_dir"  }

=========================================================================


=========================================================================
*                          HDL Parsing                                  *
=========================================================================
Analyzing Verilog file "E:\FPGA\my.verilog.learn\DDS.ver.1\prj\DDS\ipcore_dir\ROM_dds.v" into library work
Parsing module <ROM_dds>.
Analyzing Verilog file "E:\FPGA\my.verilog.learn\DDS.ver.1\rtl\dds_wave.v" into library work
Parsing module <dds_wave>.

=========================================================================
*                            HDL Elaboration                            *
=========================================================================

Elaborating module <dds_wave>.

Elaborating module <ROM_dds>.
WARNING:HDLCompiler:1499 - "E:\FPGA\my.verilog.learn\DDS.ver.1\prj\DDS\ipcore_dir\ROM_dds.v" Line 39: Empty module <ROM_dds> remains a black box.

=========================================================================
*                           HDL Synthesis                               *
=========================================================================

Synthesizing Unit <dds_wave>.
    Related source file is "E:\FPGA\my.verilog.learn\DDS.ver.1\rtl\dds_wave.v".
    Found 11-bit register for signal <r_P>.
    Found 32-bit register for signal <f_cnt>.
    Found 32-bit register for signal <r_K>.
    Found 32-bit adder for signal <f_cnt[31]_r_K[31]_add_2_OUT> created at line 37.
    Found 11-bit adder for signal <addr> created at line 41.
    Summary:
	inferred   2 Adder/Subtractor(s).
	inferred  75 D-type flip-flop(s).
Unit <dds_wave> synthesized.

=========================================================================
HDL Synthesis Report

Macro Statistics
# Adders/Subtractors                                   : 2
 11-bit adder                                          : 1
 32-bit adder                                          : 1
# Registers                                            : 3
 11-bit register                                       : 1
 32-bit register                                       : 2

=========================================================================

=========================================================================
*                       Advanced HDL Synthesis                          *
=========================================================================

Reading core <ipcore_dir/ROM_dds.ngc>.
Loading core <ROM_dds> for timing and area information for instance <wave_rom>.

Synthesizing (advanced) Unit <dds_wave>.
The following registers are absorbed into accumulator <f_cnt>: 1 register on signal <f_cnt>.
Unit <dds_wave> synthesized (advanced).

=========================================================================
Advanced HDL Synthesis Report

Macro Statistics
# Adders/Subtractors                                   : 1
 11-bit adder                                          : 1
# Accumulators                                         : 1
 32-bit up accumulator                                 : 1
# Registers                                            : 43
 Flip-Flops                                            : 43

=========================================================================

=========================================================================
*                         Low Level Synthesis                           *
=========================================================================

Optimizing unit <dds_wave> ...

Mapping all equations...
Building and optimizing final netlist ...
Found area constraint ratio of 100 (+ 5) on block dds_wave, actual ratio is 1.

Final Macro Processing ...

=========================================================================
Final Register Report

Macro Statistics
# Registers                                            : 75
 Flip-Flops                                            : 75

=========================================================================

=========================================================================
*                           Partition Report                            *
=========================================================================

Partition Implementation Status
-------------------------------

  No Partitions were found in this design.

-------------------------------

=========================================================================
*                            Design Summary                             *
=========================================================================

Top Level Output File Name         : dds_wave.ngc

Primitive and Black Box Usage:
------------------------------
# BELS                             : 131
#      GND                         : 2
#      INV                         : 1
#      LUT2                        : 43
#      MUXCY                       : 41
#      VCC                         : 1
#      XORCY                       : 43
# FlipFlops/Latches                : 75
#      FDC                         : 75
# RAMS                             : 2
#      RAMB16BWER                  : 1
#      RAMB8BWER                   : 1
# Clock Buffers                    : 1
#      BUFGP                       : 1
# IO Buffers                       : 54
#      IBUF                        : 44
#      OBUF                        : 10

Device utilization summary:
---------------------------

Selected Device : 6slx16csg324-2 


Slice Logic Utilization: 
 Number of Slice Registers:              75  out of  18224     0%  
 Number of Slice LUTs:                   44  out of   9112     0%  
    Number used as Logic:                44  out of   9112     0%  

Slice Logic Distribution: 
 Number of LUT Flip Flop pairs used:     87
   Number with an unused Flip Flop:      12  out of     87    13%  
   Number with an unused LUT:            43  out of     87    49%  
   Number of fully used LUT-FF pairs:    32  out of     87    36%  
   Number of unique control sets:         1

IO Utilization: 
 Number of IOs:                          55
 Number of bonded IOBs:                  55  out of    232    23%  

Specific Feature Utilization:
 Number of Block RAM/FIFO:                2  out of     32     6%  
    Number using Block RAM only:          2
 Number of BUFG/BUFGCTRLs:                1  out of     16     6%  

---------------------------
Partition Resource Summary:
---------------------------

  No Partitions were found in this design.

---------------------------


=========================================================================
Timing Report

NOTE: THESE TIMING NUMBERS ARE ONLY A SYNTHESIS ESTIMATE.
      FOR ACCURATE TIMING INFORMATION PLEASE REFER TO THE TRACE REPORT
      GENERATED AFTER PLACE-and-ROUTE.

Clock Information:
------------------
-----------------------------------+----------------------------------------------------------------------------------------------------------------------------------+-------+
Clock Signal                       | Clock buffer(FF name)                                                                                                            | Load  |
-----------------------------------+----------------------------------------------------------------------------------------------------------------------------------+-------+
clk                                | BUFGP                                                                                                                            | 77    |
wave_rom/N1                        | NONE(wave_rom/U0/xst_blk_mem_generator/gnativebmg.native_blk_mem_gen/valid.cstr/ramloop[0].ram.r/s6_init.ram/SP.SIMPLE_PRIM9.ram)| 2     |
-----------------------------------+----------------------------------------------------------------------------------------------------------------------------------+-------+
INFO:Xst:2169 - HDL ADVISOR - Some clock signals were not automatically buffered by XST with BUFG/BUFR resources. Please use the buffer_type constraint in order to insert these buffers to the clock signals to help prevent skew problems.

Asynchronous Control Signals Information:
----------------------------------------
No asynchronous control signals found in this design

Timing Summary:
---------------
Speed Grade: -2

   Minimum period: 3.320ns (Maximum Frequency: 301.182MHz)
   Minimum input arrival time before clock: 4.737ns
   Maximum output required time after clock: 5.693ns
   Maximum combinational path delay: No path found

Timing Details:
---------------
All values displayed in nanoseconds (ns)

=========================================================================
Timing constraint: Default period analysis for Clock 'clk'
  Clock period: 3.320ns (frequency: 301.182MHz)
  Total number of paths / destination ports: 1926 / 54
-------------------------------------------------------------------------
Delay:               3.320ns (Levels of Logic = 13)
  Source:            r_P_0 (FF)
  Destination:       wave_rom/U0/xst_blk_mem_generator/gnativebmg.native_blk_mem_gen/valid.cstr/ramloop[0].ram.r/s6_init.ram/SP.SIMPLE_PRIM9.ram (RAM)
  Source Clock:      clk rising
  Destination Clock: clk rising

  Data Path: r_P_0 to wave_rom/U0/xst_blk_mem_generator/gnativebmg.native_blk_mem_gen/valid.cstr/ramloop[0].ram.r/s6_init.ram/SP.SIMPLE_PRIM9.ram
                                Gate     Net
    Cell:in->out      fanout   Delay   Delay  Logical Name (Net Name)
    ----------------------------------------  ------------
     FDC:C->Q              1   0.525   0.790  r_P_0 (r_P_0)
     LUT2:I0->O            1   0.250   0.000  Madd_addr_lut<0> (Madd_addr_lut<0>)
     MUXCY:S->O            1   0.215   0.000  Madd_addr_cy<0> (Madd_addr_cy<0>)
     MUXCY:CI->O           1   0.023   0.000  Madd_addr_cy<1> (Madd_addr_cy<1>)
     MUXCY:CI->O           1   0.023   0.000  Madd_addr_cy<2> (Madd_addr_cy<2>)
     MUXCY:CI->O           1   0.023   0.000  Madd_addr_cy<3> (Madd_addr_cy<3>)
     MUXCY:CI->O           1   0.023   0.000  Madd_addr_cy<4> (Madd_addr_cy<4>)
     MUXCY:CI->O           1   0.023   0.000  Madd_addr_cy<5> (Madd_addr_cy<5>)
     MUXCY:CI->O           1   0.023   0.000  Madd_addr_cy<6> (Madd_addr_cy<6>)
     MUXCY:CI->O           1   0.023   0.000  Madd_addr_cy<7> (Madd_addr_cy<7>)
     MUXCY:CI->O           1   0.023   0.000  Madd_addr_cy<8> (Madd_addr_cy<8>)
     MUXCY:CI->O           0   0.023   0.000  Madd_addr_cy<9> (Madd_addr_cy<9>)
     XORCY:CI->O           2   0.206   0.725  Madd_addr_xor<10> (addr<10>)
     begin scope: 'wave_rom:addra<10>'
     RAMB8BWER:ADDRAWRADDR12        0.400          U0/xst_blk_mem_generator/gnativebmg.native_blk_mem_gen/valid.cstr/ramloop[0].ram.r/s6_init.ram/SP.SIMPLE_PRIM9.ram
    ----------------------------------------
    Total                      3.320ns (1.805ns logic, 1.515ns route)
                                       (54.4% logic, 45.6% route)

=========================================================================
Timing constraint: Default OFFSET IN BEFORE for Clock 'clk'
  Total number of paths / destination ports: 118 / 118
-------------------------------------------------------------------------
Offset:              4.737ns (Levels of Logic = 2)
  Source:            rst_n (PAD)
  Destination:       r_K_0 (FF)
  Destination Clock: clk rising

  Data Path: rst_n to r_K_0
                                Gate     Net
    Cell:in->out      fanout   Delay   Delay  Logical Name (Net Name)
    ----------------------------------------  ------------
     IBUF:I->O             1   1.328   0.681  rst_n_IBUF (rst_n_IBUF)
     INV:I->O             75   0.255   2.014  rst_n_inv1_INV_0 (rst_n_inv)
     FDC:CLR                   0.459          r_K_0
    ----------------------------------------
    Total                      4.737ns (2.042ns logic, 2.695ns route)
                                       (43.1% logic, 56.9% route)

=========================================================================
Timing constraint: Default OFFSET OUT AFTER for Clock 'clk'
  Total number of paths / destination ports: 10 / 10
-------------------------------------------------------------------------
Offset:              5.693ns (Levels of Logic = 2)
  Source:            wave_rom/U0/xst_blk_mem_generator/gnativebmg.native_blk_mem_gen/valid.cstr/ramloop[1].ram.r/s6_init.ram/SP.SIMPLE_PRIM18.ram (RAM)
  Destination:       F_out<9> (PAD)
  Source Clock:      clk rising

  Data Path: wave_rom/U0/xst_blk_mem_generator/gnativebmg.native_blk_mem_gen/valid.cstr/ramloop[1].ram.r/s6_init.ram/SP.SIMPLE_PRIM18.ram to F_out<9>
                                Gate     Net
    Cell:in->out      fanout   Delay   Delay  Logical Name (Net Name)
    ----------------------------------------  ------------
     RAMB16BWER:CLKA->DOA5    1   2.100   0.681  U0/xst_blk_mem_generator/gnativebmg.native_blk_mem_gen/valid.cstr/ramloop[1].ram.r/s6_init.ram/SP.SIMPLE_PRIM18.ram (douta<9>)
     end scope: 'wave_rom:douta<9>'
     OBUF:I->O                 2.912          F_out_9_OBUF (F_out<9>)
    ----------------------------------------
    Total                      5.693ns (5.012ns logic, 0.681ns route)
                                       (88.0% logic, 12.0% route)

=========================================================================

Cross Clock Domains Report:
--------------------------

Clock to Setup on destination clock clk
---------------+---------+---------+---------+---------+
               | Src:Rise| Src:Fall| Src:Rise| Src:Fall|
Source Clock   |Dest:Rise|Dest:Rise|Dest:Fall|Dest:Fall|
---------------+---------+---------+---------+---------+
clk            |    3.320|         |         |         |
---------------+---------+---------+---------+---------+

=========================================================================


Total REAL time to Xst completion: 4.00 secs
Total CPU time to Xst completion: 3.30 secs
 
--> 

Total memory usage is 226860 kilobytes

Number of errors   :    0 (   0 filtered)
Number of warnings :    1 (   0 filtered)
Number of infos    :    1 (   0 filtered)

