Release 14.7 - xst P.20131013 (nt64)
Copyright (c) 1995-2013 Xilinx, Inc.  All rights reserved.
--> Parameter TMPDIR set to xst/projnav.tmp


Total REAL time to Xst completion: 0.00 secs
Total CPU time to Xst completion: 0.10 secs
 
--> Parameter xsthdpdir set to xst


Total REAL time to Xst completion: 0.00 secs
Total CPU time to Xst completion: 0.11 secs
 
--> Reading design: key_fliter.prj

TABLE OF CONTENTS
  1) Synthesis Options Summary
  2) HDL Parsing
  3) HDL Elaboration
  4) HDL Synthesis
       4.1) HDL Synthesis Report
  5) Advanced HDL Synthesis
       5.1) Advanced HDL Synthesis Report
  6) Low Level Synthesis
  7) Partition Report
  8) Design Summary
       8.1) Primitive and Black Box Usage
       8.2) Device utilization summary
       8.3) Partition Resource Summary
       8.4) Timing Report
            8.4.1) Clock Information
            8.4.2) Asynchronous Control Signals Information
            8.4.3) Timing Summary
            8.4.4) Timing Details
            8.4.5) Cross Clock Domains Report


=========================================================================
*                      Synthesis Options Summary                        *
=========================================================================
---- Source Parameters
Input File Name                    : "key_fliter.prj"
Ignore Synthesis Constraint File   : NO

---- Target Parameters
Output File Name                   : "key_fliter"
Output Format                      : NGC
Target Device                      : xc6slx16-2-csg324

---- Source Options
Top Module Name                    : key_fliter
Automatic FSM Extraction           : YES
FSM Encoding Algorithm             : Auto
Safe Implementation                : No
FSM Style                          : LUT
RAM Extraction                     : Yes
RAM Style                          : Auto
ROM Extraction                     : Yes
Shift Register Extraction          : YES
ROM Style                          : Auto
Resource Sharing                   : YES
Asynchronous To Synchronous        : NO
Shift Register Minimum Size        : 2
Use DSP Block                      : Auto
Automatic Register Balancing       : No

---- Target Options
LUT Combining                      : Auto
Reduce Control Sets                : Auto
Add IO Buffers                     : YES
Global Maximum Fanout              : 100000
Add Generic Clock Buffer(BUFG)     : 16
Register Duplication               : YES
Optimize Instantiated Primitives   : NO
Use Clock Enable                   : Auto
Use Synchronous Set                : Auto
Use Synchronous Reset              : Auto
Pack IO Registers into IOBs        : Auto
Equivalent register Removal        : YES

---- General Options
Optimization Goal                  : Speed
Optimization Effort                : 1
Power Reduction                    : NO
Keep Hierarchy                     : No
Netlist Hierarchy                  : As_Optimized
RTL Output                         : Yes
Global Optimization                : AllClockNets
Read Cores                         : YES
Write Timing Constraints           : NO
Cross Clock Analysis               : NO
Hierarchy Separator                : /
Bus Delimiter                      : <>
Case Specifier                     : Maintain
Slice Utilization Ratio            : 100
BRAM Utilization Ratio             : 100
DSP48 Utilization Ratio            : 100
Auto BRAM Packing                  : NO
Slice Utilization Ratio Delta      : 5

=========================================================================


=========================================================================
*                          HDL Parsing                                  *
=========================================================================
Analyzing Verilog file "E:\FPGA\my.verilog.learn\key_fliter\rtl\key_fliter.v" into library work
Parsing module <key_fliter>.

=========================================================================
*                            HDL Elaboration                            *
=========================================================================

Elaborating module <key_fliter>.

=========================================================================
*                           HDL Synthesis                               *
=========================================================================

Synthesizing Unit <key_fliter>.
    Related source file is "E:\FPGA\my.verilog.learn\key_fliter\rtl\key_fliter.v".
    Found 20-bit register for signal <cnt>.
    Found 4-bit register for signal <state>.
    Found 1-bit register for signal <key_tmp1>.
    Found 1-bit register for signal <cnt_full>.
    Found 1-bit register for signal <key_flag>.
    Found 1-bit register for signal <en_cnt>.
    Found 1-bit register for signal <key_tmp0>.
    Found 1-bit register for signal <key_state>.
    Found finite state machine <FSM_0> for signal <state>.
    -----------------------------------------------------------------------
    | States             | 4                                              |
    | Transitions        | 14                                             |
    | Inputs             | 4                                              |
    | Outputs            | 4                                              |
    | Clock              | clk (rising_edge)                              |
    | Reset              | rst_n (negative)                               |
    | Reset type         | asynchronous                                   |
    | Reset State        | 0001                                           |
    | Encoding           | auto                                           |
    | Implementation     | LUT                                            |
    -----------------------------------------------------------------------
    Found 20-bit adder for signal <cnt[19]_GND_1_o_add_0_OUT> created at line 64.
    Summary:
	inferred   1 Adder/Subtractor(s).
	inferred  26 D-type flip-flop(s).
	inferred   9 Multiplexer(s).
	inferred   1 Finite State Machine(s).
Unit <key_fliter> synthesized.

=========================================================================
HDL Synthesis Report

Macro Statistics
# Adders/Subtractors                                   : 1
 20-bit adder                                          : 1
# Registers                                            : 7
 1-bit register                                        : 6
 20-bit register                                       : 1
# Multiplexers                                         : 9
 1-bit 2-to-1 multiplexer                              : 8
 20-bit 2-to-1 multiplexer                             : 1
# FSMs                                                 : 1

=========================================================================

=========================================================================
*                       Advanced HDL Synthesis                          *
=========================================================================


Synthesizing (advanced) Unit <key_fliter>.
The following registers are absorbed into counter <cnt>: 1 register on signal <cnt>.
Unit <key_fliter> synthesized (advanced).

=========================================================================
Advanced HDL Synthesis Report

Macro Statistics
# Counters                                             : 1
 20-bit up counter                                     : 1
# Registers                                            : 6
 Flip-Flops                                            : 6
# Multiplexers                                         : 8
 1-bit 2-to-1 multiplexer                              : 8
# FSMs                                                 : 1

=========================================================================

=========================================================================
*                         Low Level Synthesis                           *
=========================================================================
Analyzing FSM <MFsm> for best encoding.
Optimizing FSM <FSM_0> on signal <state[1:2]> with gray encoding.
-------------------
 State | Encoding
-------------------
 0001  | 00
 0010  | 01
 0100  | 11
 1000  | 10
-------------------

Optimizing unit <key_fliter> ...

Mapping all equations...
Building and optimizing final netlist ...
Found area constraint ratio of 100 (+ 5) on block key_fliter, actual ratio is 0.
FlipFlop en_cnt has been replicated 1 time(s)

Final Macro Processing ...

=========================================================================
Final Register Report

Macro Statistics
# Registers                                            : 29
 Flip-Flops                                            : 29

=========================================================================

=========================================================================
*                           Partition Report                            *
=========================================================================

Partition Implementation Status
-------------------------------

  No Partitions were found in this design.

-------------------------------

=========================================================================
*                            Design Summary                             *
=========================================================================

Top Level Output File Name         : key_fliter.ngc

Primitive and Black Box Usage:
------------------------------
# BELS                             : 70
#      GND                         : 1
#      INV                         : 1
#      LUT2                        : 20
#      LUT3                        : 1
#      LUT4                        : 2
#      LUT5                        : 2
#      LUT6                        : 4
#      MUXCY                       : 19
#      XORCY                       : 20
# FlipFlops/Latches                : 29
#      FDC                         : 28
#      FDE                         : 1
# Clock Buffers                    : 1
#      BUFGP                       : 1
# IO Buffers                       : 4
#      IBUF                        : 2
#      OBUF                        : 2

Device utilization summary:
---------------------------

Selected Device : 6slx16csg324-2 


Slice Logic Utilization: 
 Number of Slice Registers:              29  out of  18224     0%  
 Number of Slice LUTs:                   30  out of   9112     0%  
    Number used as Logic:                30  out of   9112     0%  

Slice Logic Distribution: 
 Number of LUT Flip Flop pairs used:     33
   Number with an unused Flip Flop:       4  out of     33    12%  
   Number with an unused LUT:             3  out of     33     9%  
   Number of fully used LUT-FF pairs:    26  out of     33    78%  
   Number of unique control sets:         2

IO Utilization: 
 Number of IOs:                           5
 Number of bonded IOBs:                   5  out of    232     2%  

Specific Feature Utilization:
 Number of BUFG/BUFGCTRLs:                1  out of     16     6%  

---------------------------
Partition Resource Summary:
---------------------------

  No Partitions were found in this design.

---------------------------


=========================================================================
Timing Report

NOTE: THESE TIMING NUMBERS ARE ONLY A SYNTHESIS ESTIMATE.
      FOR ACCURATE TIMING INFORMATION PLEASE REFER TO THE TRACE REPORT
      GENERATED AFTER PLACE-and-ROUTE.

Clock Information:
------------------
-----------------------------------+------------------------+-------+
Clock Signal                       | Clock buffer(FF name)  | Load  |
-----------------------------------+------------------------+-------+
clk                                | BUFGP                  | 29    |
-----------------------------------+------------------------+-------+

Asynchronous Control Signals Information:
----------------------------------------
No asynchronous control signals found in this design

Timing Summary:
---------------
Speed Grade: -2

   Minimum period: 3.179ns (Maximum Frequency: 314.564MHz)
   Minimum input arrival time before clock: 4.219ns
   Maximum output required time after clock: 4.162ns
   Maximum combinational path delay: No path found

Timing Details:
---------------
All values displayed in nanoseconds (ns)

=========================================================================
Timing constraint: Default period analysis for Clock 'clk'
  Clock period: 3.179ns (frequency: 314.564MHz)
  Total number of paths / destination ports: 489 / 28
-------------------------------------------------------------------------
Delay:               3.179ns (Levels of Logic = 2)
  Source:            cnt_7 (FF)
  Destination:       cnt_full (FF)
  Source Clock:      clk rising
  Destination Clock: clk rising

  Data Path: cnt_7 to cnt_full
                                Gate     Net
    Cell:in->out      fanout   Delay   Delay  Logical Name (Net Name)
    ----------------------------------------  ------------
     FDC:C->Q              2   0.525   1.181  cnt_7 (cnt_7)
     LUT6:I0->O            1   0.254   0.910  cnt[19]_PWR_1_o_equal_4_o<19>3 (cnt[19]_PWR_1_o_equal_4_o<19>2)
     LUT5:I2->O            1   0.235   0.000  cnt[19]_PWR_1_o_equal_4_o<19>4 (cnt[19]_PWR_1_o_equal_4_o)
     FDC:D                     0.074          cnt_full
    ----------------------------------------
    Total                      3.179ns (1.088ns logic, 2.091ns route)
                                       (34.2% logic, 65.8% route)

=========================================================================
Timing constraint: Default OFFSET IN BEFORE for Clock 'clk'
  Total number of paths / destination ports: 30 / 30
-------------------------------------------------------------------------
Offset:              4.219ns (Levels of Logic = 2)
  Source:            rst_n (PAD)
  Destination:       cnt_full (FF)
  Destination Clock: clk rising

  Data Path: rst_n to cnt_full
                                Gate     Net
    Cell:in->out      fanout   Delay   Delay  Logical Name (Net Name)
    ----------------------------------------  ------------
     IBUF:I->O             2   1.328   0.725  rst_n_IBUF (rst_n_IBUF)
     INV:I->O             28   0.255   1.452  rst_n_inv1_INV_0 (rst_n_inv)
     FDC:CLR                   0.459          cnt_full
    ----------------------------------------
    Total                      4.219ns (2.042ns logic, 2.177ns route)
                                       (48.4% logic, 51.6% route)

=========================================================================
Timing constraint: Default OFFSET OUT AFTER for Clock 'clk'
  Total number of paths / destination ports: 2 / 2
-------------------------------------------------------------------------
Offset:              4.162ns (Levels of Logic = 1)
  Source:            key_state (FF)
  Destination:       key_state (PAD)
  Source Clock:      clk rising

  Data Path: key_state to key_state
                                Gate     Net
    Cell:in->out      fanout   Delay   Delay  Logical Name (Net Name)
    ----------------------------------------  ------------
     FDE:C->Q              2   0.525   0.725  key_state (key_state_OBUF)
     OBUF:I->O                 2.912          key_state_OBUF (key_state)
    ----------------------------------------
    Total                      4.162ns (3.437ns logic, 0.725ns route)
                                       (82.6% logic, 17.4% route)

=========================================================================

Cross Clock Domains Report:
--------------------------

Clock to Setup on destination clock clk
---------------+---------+---------+---------+---------+
               | Src:Rise| Src:Fall| Src:Rise| Src:Fall|
Source Clock   |Dest:Rise|Dest:Rise|Dest:Fall|Dest:Fall|
---------------+---------+---------+---------+---------+
clk            |    3.179|         |         |         |
---------------+---------+---------+---------+---------+

=========================================================================


Total REAL time to Xst completion: 6.00 secs
Total CPU time to Xst completion: 6.12 secs
 
--> 

Total memory usage is 4485844 kilobytes

Number of errors   :    0 (   0 filtered)
Number of warnings :    0 (   0 filtered)
Number of infos    :    0 (   0 filtered)

