Flow report for dds
Tue Feb 06 11:30:30 2018
Quartus II Version 11.0 Build 208 07/03/2011 Service Pack 1 SJ Web Edition


---------------------
; Table of Contents ;
---------------------
  1. Legal Notice
  2. Flow Summary
  3. Flow Settings
  4. Flow Non-Default Global Settings
  5. Flow Elapsed Time
  6. Flow OS Summary
  7. Flow Log



----------------
; Legal Notice ;
----------------
Copyright (C) 1991-2011 Altera Corporation
Your use of Altera Corporation's design tools, logic functions 
and other software and tools, and its AMPP partner logic 
functions, and any output files from any of the foregoing 
(including device programming or simulation files), and any 
associated documentation or information are expressly subject 
to the terms and conditions of the Altera Program License 
Subscription Agreement, Altera MegaCore Function License 
Agreement, or other applicable license agreement, including, 
without limitation, that your use is for the sole purpose of 
programming logic devices manufactured by Altera and sold by 
Altera or its authorized distributors.  Please refer to the 
applicable agreement for further details.



+------------------------------------------------------------------------------------+
; Flow Summary                                                                       ;
+------------------------------------+-----------------------------------------------+
; Flow Status                        ; Successful - Tue Feb 06 11:30:30 2018         ;
; Quartus II Version                 ; 11.0 Build 208 07/03/2011 SP 1 SJ Web Edition ;
; Revision Name                      ; dds                                           ;
; Top-level Entity Name              ; top                                           ;
; Family                             ; Cyclone IV E                                  ;
; Device                             ; EP4CE6E22C8                                   ;
; Timing Models                      ; Final                                         ;
; Total logic elements               ; 1,948 / 6,272 ( 31 % )                        ;
;     Total combinational functions  ; 1,804 / 6,272 ( 29 % )                        ;
;     Dedicated logic registers      ; 738 / 6,272 ( 12 % )                          ;
; Total registers                    ; 738                                           ;
; Total pins                         ; 20 / 92 ( 22 % )                              ;
; Total virtual pins                 ; 0                                             ;
; Total memory bits                  ; 8,336 / 276,480 ( 3 % )                       ;
; Embedded Multiplier 9-bit elements ; 0 / 30 ( 0 % )                                ;
; Total PLLs                         ; 0 / 2 ( 0 % )                                 ;
+------------------------------------+-----------------------------------------------+


+-----------------------------------------+
; Flow Settings                           ;
+-------------------+---------------------+
; Option            ; Setting             ;
+-------------------+---------------------+
; Start date & time ; 02/06/2018 11:29:38 ;
; Main task         ; Compilation         ;
; Revision Name     ; dds                 ;
+-------------------+---------------------+


+-------------------------------------------------------------------------------------------------------------------------------+
; Flow Non-Default Global Settings                                                                                              ;
+--------------------------------------+---------------------------------------+---------------+-------------+------------------+
; Assignment Name                      ; Value                                 ; Default Value ; Entity Name ; Section Id       ;
+--------------------------------------+---------------------------------------+---------------+-------------+------------------+
; COMPILER_SIGNATURE_ID                ; 149885690982395.151788777802296       ; --            ; --          ; --               ;
; CYCLONEII_OPTIMIZATION_TECHNIQUE     ; Speed                                 ; Balanced      ; --          ; --               ;
; EDA_DESIGN_INSTANCE_NAME             ; NA                                    ; --            ; --          ; show_tb          ;
; EDA_DESIGN_INSTANCE_NAME             ; NA                                    ; --            ; --          ; control_tb       ;
; EDA_DESIGN_INSTANCE_NAME             ; NA                                    ; --            ; --          ; wave_generate_tb ;
; EDA_DESIGN_INSTANCE_NAME             ; NA                                    ; --            ; --          ; dds_tb           ;
; EDA_NATIVELINK_SIMULATION_TEST_BENCH ; dds_tb                                ; --            ; --          ; eda_simulation   ;
; EDA_OUTPUT_DATA_FORMAT               ; Verilog Hdl                           ; --            ; --          ; eda_simulation   ;
; EDA_SIMULATION_TOOL                  ; ModelSim-Altera (Verilog)             ; <None>        ; --          ; --               ;
; EDA_TEST_BENCH_ENABLE_STATUS         ; TEST_BENCH_MODE                       ; --            ; --          ; eda_simulation   ;
; EDA_TEST_BENCH_FILE                  ; ../sim/show_tb.v                      ; --            ; --          ; show_tb          ;
; EDA_TEST_BENCH_FILE                  ; ../sim/control_tb.v                   ; --            ; --          ; control_tb       ;
; EDA_TEST_BENCH_FILE                  ; ../sim/wave_generate_tb.v             ; --            ; --          ; wave_generate_tb ;
; EDA_TEST_BENCH_FILE                  ; ../sim/dds_tb.v                       ; --            ; --          ; dds_tb           ;
; EDA_TEST_BENCH_MODULE_NAME           ; show_tb                               ; --            ; --          ; show_tb          ;
; EDA_TEST_BENCH_MODULE_NAME           ; control_tb                            ; --            ; --          ; control_tb       ;
; EDA_TEST_BENCH_MODULE_NAME           ; wave_generate_tb                      ; --            ; --          ; wave_generate_tb ;
; EDA_TEST_BENCH_MODULE_NAME           ; dds_tb                                ; --            ; --          ; dds_tb           ;
; EDA_TEST_BENCH_NAME                  ; show_tb                               ; --            ; --          ; eda_simulation   ;
; EDA_TEST_BENCH_NAME                  ; control_tb                            ; --            ; --          ; eda_simulation   ;
; EDA_TEST_BENCH_NAME                  ; wave_generate_tb                      ; --            ; --          ; eda_simulation   ;
; EDA_TEST_BENCH_NAME                  ; dds_tb                                ; --            ; --          ; eda_simulation   ;
; EDA_TIME_SCALE                       ; 1 ps                                  ; --            ; --          ; eda_simulation   ;
; IP_TOOL_NAME                         ; ROM: 1-PORT                           ; --            ; --          ; --               ;
; IP_TOOL_NAME                         ; LPM_DIVIDE                            ; --            ; --          ; --               ;
; IP_TOOL_NAME                         ; LPM_CONSTANT                          ; --            ; --          ; --               ;
; IP_TOOL_NAME                         ; LPM_CONSTANT                          ; --            ; --          ; --               ;
; IP_TOOL_VERSION                      ; 11.0                                  ; --            ; --          ; --               ;
; IP_TOOL_VERSION                      ; 11.0                                  ; --            ; --          ; --               ;
; IP_TOOL_VERSION                      ; 11.0                                  ; --            ; --          ; --               ;
; IP_TOOL_VERSION                      ; 11.0                                  ; --            ; --          ; --               ;
; MAX_CORE_JUNCTION_TEMP               ; 85                                    ; --            ; --          ; --               ;
; MIN_CORE_JUNCTION_TEMP               ; 0                                     ; --            ; --          ; --               ;
; MISC_FILE                            ; ipcore/rom1024x8/rom1024x8_inst.v     ; --            ; --          ; --               ;
; MISC_FILE                            ; ipcore/div/mydiv_inst.v               ; --            ; --          ; --               ;
; MISC_FILE                            ; ipcore/cmd_a_rng/cmd_a_rng.bsf        ; --            ; --          ; --               ;
; MISC_FILE                            ; ipcore/cmd_a_rng/lpm_constant0.bsf    ; --            ; --          ; --               ;
; MISC_FILE                            ; ipcore/cmd_a_rng/lpm_constant0_bb.v   ; --            ; --          ; --               ;
; PARTITION_COLOR                      ; 16764057                              ; --            ; top         ; Top              ;
; PARTITION_FITTER_PRESERVATION_LEVEL  ; PLACEMENT_AND_ROUTING                 ; --            ; top         ; Top              ;
; PARTITION_NETLIST_TYPE               ; SOURCE                                ; --            ; top         ; Top              ;
; POWER_BOARD_THERMAL_MODEL            ; None (CONSERVATIVE)                   ; --            ; --          ; --               ;
; POWER_PRESET_COOLING_SOLUTION        ; 23 MM HEAT SINK WITH 200 LFPM AIRFLOW ; --            ; --          ; --               ;
; TOP_LEVEL_ENTITY                     ; top                                   ; dds           ; --          ; --               ;
+--------------------------------------+---------------------------------------+---------------+-------------+------------------+


+-------------------------------------------------------------------------------------------------------------------------------+
; Flow Elapsed Time                                                                                                             ;
+---------------------------+--------------+-------------------------+---------------------+------------------------------------+
; Module Name               ; Elapsed Time ; Average Processors Used ; Peak Virtual Memory ; Total CPU Time (on all processors) ;
+---------------------------+--------------+-------------------------+---------------------+------------------------------------+
; Analysis & Synthesis      ; 00:00:16     ; 1.0                     ; 306 MB              ; 00:00:15                           ;
; Fitter                    ; 00:00:13     ; 1.0                     ; 332 MB              ; 00:00:11                           ;
; Assembler                 ; 00:00:05     ; 1.0                     ; 238 MB              ; 00:00:04                           ;
; TimeQuest Timing Analyzer ; 00:00:12     ; 1.0                     ; 290 MB              ; 00:00:09                           ;
; EDA Netlist Writer        ; 00:00:08     ; 1.0                     ; 236 MB              ; 00:00:07                           ;
; Total                     ; 00:00:54     ; --                      ; --                  ; 00:00:46                           ;
+---------------------------+--------------+-------------------------+---------------------+------------------------------------+


+-----------------------------------------------------------------------------------------+
; Flow OS Summary                                                                         ;
+---------------------------+------------------+------------+------------+----------------+
; Module Name               ; Machine Hostname ; OS Name    ; OS Version ; Processor type ;
+---------------------------+------------------+------------+------------+----------------+
; Analysis & Synthesis      ; 304-19           ; Windows XP ; 5.1        ; i686           ;
; Fitter                    ; 304-19           ; Windows XP ; 5.1        ; i686           ;
; Assembler                 ; 304-19           ; Windows XP ; 5.1        ; i686           ;
; TimeQuest Timing Analyzer ; 304-19           ; Windows XP ; 5.1        ; i686           ;
; EDA Netlist Writer        ; 304-19           ; Windows XP ; 5.1        ; i686           ;
+---------------------------+------------------+------------+------------+----------------+


------------
; Flow Log ;
------------
quartus_map --read_settings_files=on --write_settings_files=off dds -c dds
quartus_fit --read_settings_files=off --write_settings_files=off dds -c dds
quartus_asm --read_settings_files=off --write_settings_files=off dds -c dds
quartus_sta dds -c dds
quartus_eda --read_settings_files=off --write_settings_files=off dds -c dds



